# JRE version: Java(TM) SE Runtime Environment (21.0.6+8) (build 21.0.6+8-LTS-188)
# Java VM: Java HotSpot(TM) 64-Bit Server VM (21.0.6+8-LTS-188, mixed mode, sharing, tiered, compressed oops, compressed class ptrs, g1 gc, windows-amd64)
GC Precious Log:
 CardTable entry size: 512
 Card Set container configuration: InlinePtr #cards 4 size 8 Array Of Cards #cards 16 size 48 Howl #buckets 8 coarsen threshold 3686 Howl Bitmap #cards 512 size 80 coarsen threshold 460 Card regions per heap region 1 cards per card region 4096
 CPUs: 8 total, 8 available
 Memory: 16118M
 Large Page Support: Disabled
 NUMA Support: Disabled
 Compressed Oops: Enabled (Zero based)
 Heap Region Size: 2M
 Heap Min Capacity: 8M
 Heap Initial Capacity: 252M
 Heap Max Capacity: 4030M
 Pre-touch: Disabled
 Parallel Workers: 8
 Concurrent Workers: 2
 Concurrent Refinement Workers: 8
 Periodic GC: Disabled
Heap:
 garbage-first heap   total 331776K, used 135232K [0x0000000704200000, 0x0000000800000000)
  region size 2048K, 18 young (36864K), 6 survivors (12288K)
 Metaspace       used 64350K, committed 65152K, reserved 1114112K
  class space    used 6996K, committed 7360K, reserved 1048576K
GC Heap History (20 events):
Event: 6.524 GC heap before
{Heap before GC invocations=36 (full 12):
 garbage-first heap   total 276480K, used 198847K [0x0000000704200000, 0x0000000800000000)
  region size 2048K, 81 young (165888K), 3 survivors (6144K)
 Metaspace       used 36975K, committed 37568K, reserved 1114112K
  class space    used 3973K, committed 4224K, reserved 1048576K
}
Event: 6.527 GC heap after
{Heap after GC invocations=37 (full 12):
 garbage-first heap   total 331776K, used 39529K [0x0000000704200000, 0x0000000800000000)
  region size 2048K, 1 young (2048K), 1 survivors (2048K)
 Metaspace       used 36975K, committed 37568K, reserved 1114112K
  class space    used 3973K, committed 4224K, reserved 1048576K
}
Event: 6.829 GC heap before
{Heap before GC invocations=37 (full 12):
 garbage-first heap   total 331776K, used 236137K [0x0000000704200000, 0x0000000800000000)
  region size 2048K, 97 young (198656K), 1 survivors (2048K)
 Metaspace       used 36975K, committed 37568K, reserved 1114112K
  class space    used 3973K, committed 4224K, reserved 1048576K
}
Event: 6.830 GC heap after
{Heap after GC invocations=38 (full 12):
 garbage-first heap   total 331776K, used 39400K [0x0000000704200000, 0x0000000800000000)
  region size 2048K, 1 young (2048K), 1 survivors (2048K)
 Metaspace       used 36975K, committed 37568K, reserved 1114112K
  class space    used 3973K, committed 4224K, reserved 1048576K
}
Event: 7.121 GC heap before
{Heap before GC invocations=38 (full 12):
 garbage-first heap   total 331776K, used 236008K [0x0000000704200000, 0x0000000800000000)
  region size 2048K, 97 young (198656K), 1 survivors (2048K)
 Metaspace       used 36975K, committed 37568K, reserved 1114112K
  class space    used 3973K, committed 4224K, reserved 1048576K
}
Event: 7.122 GC heap after
{Heap after GC invocations=39 (full 12):
 garbage-first heap   total 331776K, used 39304K [0x0000000704200000, 0x0000000800000000)
  region size 2048K, 1 young (2048K), 1 survivors (2048K)
 Metaspace       used 36975K, committed 37568K, reserved 1114112K
  class space    used 3973K, committed 4224K, reserved 1048576K
}
Event: 7.405 GC heap before
{Heap before GC invocations=39 (full 12):
 garbage-first heap   total 331776K, used 235912K [0x0000000704200000, 0x0000000800000000)
  region size 2048K, 97 young (198656K), 1 survivors (2048K)
 Metaspace       used 36987K, committed 37568K, reserved 1114112K
  class space    used 3973K, committed 4224K, reserved 1048576K
}
Event: 7.406 GC heap after
{Heap after GC invocations=40 (full 12):
 garbage-first heap   total 331776K, used 39256K [0x0000000704200000, 0x0000000800000000)
  region size 2048K, 1 young (2048K), 1 survivors (2048K)
 Metaspace       used 36987K, committed 37568K, reserved 1114112K
  class space    used 3973K, committed 4224K, reserved 1048576K
}
Event: 7.712 GC heap before
{Heap before GC invocations=40 (full 12):
 garbage-first heap   total 331776K, used 235864K [0x0000000704200000, 0x0000000800000000)
  region size 2048K, 97 young (198656K), 1 survivors (2048K)
 Metaspace       used 36989K, committed 37568K, reserved 1114112K
  class space    used 3973K, committed 4224K, reserved 1048576K
}
Event: 7.713 GC heap after
{Heap after GC invocations=41 (full 12):
 garbage-first heap   total 331776K, used 39229K [0x0000000704200000, 0x0000000800000000)
  region size 2048K, 1 young (2048K), 1 survivors (2048K)
 Metaspace       used 36989K, committed 37568K, reserved 1114112K
  class space    used 3973K, committed 4224K, reserved 1048576K
}
Event: 8.001 GC heap before
{Heap before GC invocations=41 (full 12):
 garbage-first heap   total 331776K, used 235837K [0x0000000704200000, 0x0000000800000000)
  region size 2048K, 97 young (198656K), 1 survivors (2048K)
 Metaspace       used 37009K, committed 37568K, reserved 1114112K
  class space    used 3973K, committed 4224K, reserved 1048576K
}
Event: 8.001 GC heap after
{Heap after GC invocations=42 (full 12):
 garbage-first heap   total 331776K, used 39140K [0x0000000704200000, 0x0000000800000000)
  region size 2048K, 1 young (2048K), 1 survivors (2048K)
 Metaspace       used 37009K, committed 37568K, reserved 1114112K
  class space    used 3973K, committed 4224K, reserved 1048576K
}
Event: 8.454 GC heap before
{Heap before GC invocations=42 (full 12):
 garbage-first heap   total 331776K, used 235748K [0x0000000704200000, 0x0000000800000000)
  region size 2048K, 97 young (198656K), 1 survivors (2048K)
 Metaspace       used 39195K, committed 39808K, reserved 1114112K
  class space    used 4299K, committed 4608K, reserved 1048576K
}
Event: 8.469 GC heap after
{Heap after GC invocations=43 (full 12):
 garbage-first heap   total 331776K, used 72100K [0x0000000704200000, 0x0000000800000000)
  region size 2048K, 13 young (26624K), 13 survivors (26624K)
 Metaspace       used 39195K, committed 39808K, reserved 1114112K
  class space    used 4299K, committed 4608K, reserved 1048576K
}
Event: 8.767 GC heap before
{Heap before GC invocations=43 (full 12):
 garbage-first heap   total 331776K, used 244132K [0x0000000704200000, 0x0000000800000000)
  region size 2048K, 97 young (198656K), 13 survivors (26624K)
 Metaspace       used 39364K, committed 40000K, reserved 1114112K
  class space    used 4324K, committed 4608K, reserved 1048576K
}
Event: 8.789 GC heap after
{Heap after GC invocations=44 (full 12):
 garbage-first heap   total 331776K, used 102048K [0x0000000704200000, 0x0000000800000000)
  region size 2048K, 13 young (26624K), 13 survivors (26624K)
 Metaspace       used 39364K, committed 40000K, reserved 1114112K
  class space    used 4324K, committed 4608K, reserved 1048576K
}
Event: 10.333 GC heap before
{Heap before GC invocations=44 (full 12):
 garbage-first heap   total 331776K, used 274080K [0x0000000704200000, 0x0000000800000000)
  region size 2048K, 97 young (198656K), 13 survivors (26624K)
 Metaspace       used 51345K, committed 52032K, reserved 1114112K
  class space    used 5758K, committed 6080K, reserved 1048576K
}
Event: 10.346 GC heap after
{Heap after GC invocations=45 (full 12):
 garbage-first heap   total 331776K, used 113560K [0x0000000704200000, 0x0000000800000000)
  region size 2048K, 4 young (8192K), 4 survivors (8192K)
 Metaspace       used 51345K, committed 52032K, reserved 1114112K
  class space    used 5758K, committed 6080K, reserved 1048576K
}
Event: 12.055 GC heap before
{Heap before GC invocations=45 (full 12):
 garbage-first heap   total 331776K, used 254872K [0x0000000704200000, 0x0000000800000000)
  region size 2048K, 75 young (153600K), 4 survivors (8192K)
 Metaspace       used 61331K, committed 62080K, reserved 1114112K
  class space    used 6774K, committed 7168K, reserved 1048576K
}
Event: 12.062 GC heap after
{Heap after GC invocations=46 (full 12):
 garbage-first heap   total 331776K, used 115909K [0x0000000704200000, 0x0000000800000000)
  region size 2048K, 6 young (12288K), 6 survivors (12288K)
 Metaspace       used 61331K, committed 62080K, reserved 1114112K
  class space    used 6774K, committed 7168K, reserved 1048576K
}

