# JRE version: Java(TM) SE Runtime Environment (21.0.6+8) (build 21.0.6+8-LTS-188)
# Java VM: Java HotSpot(TM) 64-Bit Server VM (21.0.6+8-LTS-188, mixed mode, sharing, tiered, compressed oops, compressed class ptrs, g1 gc, windows-amd64)
GC Precious Log:
 CardTable entry size: 512
 Card Set container configuration: InlinePtr #cards 4 size 8 Array Of Cards #cards 16 size 48 Howl #buckets 8 coarsen threshold 3686 Howl Bitmap #cards 512 size 80 coarsen threshold 460 Card regions per heap region 1 cards per card region 4096
 CPUs: 8 total, 8 available
 Memory: 16118M
 Large Page Support: Disabled
 NUMA Support: Disabled
 Compressed Oops: Enabled (Zero based)
 Heap Region Size: 2M
 Heap Min Capacity: 8M
 Heap Initial Capacity: 252M
 Heap Max Capacity: 4030M
 Pre-touch: Disabled
 Parallel Workers: 8
 Concurrent Workers: 2
 Concurrent Refinement Workers: 8
 Periodic GC: Disabled
Heap:
 garbage-first heap   total 358400K, used 198861K [0x0000000704200000, 0x0000000800000000)
  region size 2048K, 51 young (104448K), 6 survivors (12288K)
 Metaspace       used 72853K, committed 73728K, reserved 1179648K
  class space    used 7849K, committed 8256K, reserved 1048576K
GC Heap History (20 events):
Event: 8.457 GC heap before
{Heap before GC invocations=42 (full 12):
 garbage-first heap   total 237568K, used 178122K [0x0000000704200000, 0x0000000800000000)
  region size 2048K, 69 young (141312K), 1 survivors (2048K)
 Metaspace       used 36785K, committed 37376K, reserved 1114112K
  class space    used 3955K, committed 4224K, reserved 1048576K
}
Event: 8.458 GC heap after
{Heap after GC invocations=43 (full 12):
 garbage-first heap   total 237568K, used 39059K [0x0000000704200000, 0x0000000800000000)
  region size 2048K, 1 young (2048K), 1 survivors (2048K)
 Metaspace       used 36785K, committed 37376K, reserved 1114112K
  class space    used 3955K, committed 4224K, reserved 1048576K
}
Event: 8.689 GC heap before
{Heap before GC invocations=43 (full 12):
 garbage-first heap   total 237568K, used 178323K [0x0000000704200000, 0x0000000800000000)
  region size 2048K, 69 young (141312K), 1 survivors (2048K)
 Metaspace       used 36786K, committed 37376K, reserved 1114112K
  class space    used 3955K, committed 4224K, reserved 1048576K
}
Event: 8.689 GC heap after
{Heap after GC invocations=44 (full 12):
 garbage-first heap   total 237568K, used 38784K [0x0000000704200000, 0x0000000800000000)
  region size 2048K, 1 young (2048K), 1 survivors (2048K)
 Metaspace       used 36786K, committed 37376K, reserved 1114112K
  class space    used 3955K, committed 4224K, reserved 1048576K
}
Event: 8.894 GC heap before
{Heap before GC invocations=44 (full 12):
 garbage-first heap   total 237568K, used 178048K [0x0000000704200000, 0x0000000800000000)
  region size 2048K, 69 young (141312K), 1 survivors (2048K)
 Metaspace       used 36787K, committed 37376K, reserved 1114112K
  class space    used 3955K, committed 4224K, reserved 1048576K
}
Event: 8.895 GC heap after
{Heap after GC invocations=45 (full 12):
 garbage-first heap   total 237568K, used 38804K [0x0000000704200000, 0x0000000800000000)
  region size 2048K, 1 young (2048K), 1 survivors (2048K)
 Metaspace       used 36787K, committed 37376K, reserved 1114112K
  class space    used 3955K, committed 4224K, reserved 1048576K
}
Event: 9.298 GC heap before
{Heap before GC invocations=45 (full 12):
 garbage-first heap   total 237568K, used 178068K [0x0000000704200000, 0x0000000800000000)
  region size 2048K, 69 young (141312K), 1 survivors (2048K)
 Metaspace       used 38976K, committed 39616K, reserved 1114112K
  class space    used 4280K, committed 4608K, reserved 1048576K
}
Event: 9.302 GC heap after
{Heap after GC invocations=46 (full 12):
 garbage-first heap   total 237568K, used 45040K [0x0000000704200000, 0x0000000800000000)
  region size 2048K, 4 young (8192K), 4 survivors (8192K)
 Metaspace       used 38976K, committed 39616K, reserved 1114112K
  class space    used 4280K, committed 4608K, reserved 1048576K
}
Event: 9.544 GC heap before
{Heap before GC invocations=46 (full 12):
 garbage-first heap   total 237568K, used 176112K [0x0000000704200000, 0x0000000800000000)
  region size 2048K, 69 young (141312K), 4 survivors (8192K)
 Metaspace       used 38980K, committed 39616K, reserved 1114112K
  class space    used 4281K, committed 4608K, reserved 1048576K
}
Event: 9.560 GC heap after
{Heap after GC invocations=47 (full 12):
 garbage-first heap   total 237568K, used 68630K [0x0000000704200000, 0x0000000800000000)
  region size 2048K, 9 young (18432K), 9 survivors (18432K)
 Metaspace       used 38980K, committed 39616K, reserved 1114112K
  class space    used 4281K, committed 4608K, reserved 1048576K
}
Event: 9.793 GC heap before
{Heap before GC invocations=47 (full 12):
 garbage-first heap   total 237568K, used 191510K [0x0000000704200000, 0x0000000800000000)
  region size 2048K, 69 young (141312K), 9 survivors (18432K)
 Metaspace       used 38987K, committed 39616K, reserved 1114112K
  class space    used 4281K, committed 4608K, reserved 1048576K
}
Event: 9.809 GC heap after
{Heap after GC invocations=48 (full 12):
 garbage-first heap   total 237568K, used 88584K [0x0000000704200000, 0x0000000800000000)
  region size 2048K, 9 young (18432K), 9 survivors (18432K)
 Metaspace       used 38987K, committed 39616K, reserved 1114112K
  class space    used 4281K, committed 4608K, reserved 1048576K
}
Event: 10.031 GC heap before
{Heap before GC invocations=48 (full 12):
 garbage-first heap   total 237568K, used 199176K [0x0000000704200000, 0x0000000800000000)
  region size 2048K, 63 young (129024K), 9 survivors (18432K)
 Metaspace       used 39168K, committed 39808K, reserved 1114112K
  class space    used 4308K, committed 4608K, reserved 1048576K
}
Event: 10.044 GC heap after
{Heap after GC invocations=49 (full 12):
 garbage-first heap   total 237568K, used 104659K [0x0000000704200000, 0x0000000800000000)
  region size 2048K, 7 young (14336K), 7 survivors (14336K)
 Metaspace       used 39168K, committed 39808K, reserved 1114112K
  class space    used 4308K, committed 4608K, reserved 1048576K
}
Event: 10.586 GC heap before
{Heap before GC invocations=49 (full 12):
 garbage-first heap   total 237568K, used 200915K [0x0000000704200000, 0x0000000800000000)
  region size 2048K, 54 young (110592K), 7 survivors (14336K)
 Metaspace       used 42927K, committed 43648K, reserved 1114112K
  class space    used 4722K, committed 5056K, reserved 1048576K
}
Event: 10.594 GC heap after
{Heap after GC invocations=50 (full 12):
 garbage-first heap   total 237568K, used 108564K [0x0000000704200000, 0x0000000800000000)
  region size 2048K, 2 young (4096K), 2 survivors (4096K)
 Metaspace       used 42927K, committed 43648K, reserved 1114112K
  class space    used 4722K, committed 5056K, reserved 1048576K
}
Event: 11.677 GC heap before
{Heap before GC invocations=50 (full 12):
 garbage-first heap   total 237568K, used 206868K [0x0000000704200000, 0x0000000800000000)
  region size 2048K, 50 young (102400K), 2 survivors (4096K)
 Metaspace       used 53981K, committed 54720K, reserved 1114112K
  class space    used 6070K, committed 6400K, reserved 1048576K
}
Event: 11.685 GC heap after
{Heap after GC invocations=51 (full 12):
 garbage-first heap   total 358400K, used 115113K [0x0000000704200000, 0x0000000800000000)
  region size 2048K, 5 young (10240K), 5 survivors (10240K)
 Metaspace       used 53981K, committed 54720K, reserved 1114112K
  class space    used 6070K, committed 6400K, reserved 1048576K
}
Event: 12.558 GC heap before
{Heap before GC invocations=51 (full 12):
 garbage-first heap   total 358400K, used 203177K [0x0000000704200000, 0x0000000800000000)
  region size 2048K, 50 young (102400K), 5 survivors (10240K)
 Metaspace       used 61557K, committed 62208K, reserved 1114112K
  class space    used 6801K, committed 7104K, reserved 1048576K
}
Event: 12.563 GC heap after
{Heap after GC invocations=52 (full 12):
 garbage-first heap   total 358400K, used 115933K [0x0000000704200000, 0x0000000800000000)
  region size 2048K, 6 young (12288K), 6 survivors (12288K)
 Metaspace       used 61557K, committed 62208K, reserved 1114112K
  class space    used 6801K, committed 7104K, reserved 1048576K
}

