# JRE version: Java(TM) SE Runtime Environment (21.0.6+8) (build 21.0.6+8-LTS-188)
# Java VM: Java HotSpot(TM) 64-Bit Server VM (21.0.6+8-LTS-188, mixed mode, sharing, tiered, compressed oops, compressed class ptrs, g1 gc, windows-amd64)
GC Precious Log:
 CardTable entry size: 512
 Card Set container configuration: InlinePtr #cards 4 size 8 Array Of Cards #cards 16 size 48 Howl #buckets 8 coarsen threshold 3686 Howl Bitmap #cards 512 size 80 coarsen threshold 460 Card regions per heap region 1 cards per card region 4096
 CPUs: 8 total, 8 available
 Memory: 16118M
 Large Page Support: Disabled
 NUMA Support: Disabled
 Compressed Oops: Enabled (Zero based)
 Heap Region Size: 2M
 Heap Min Capacity: 8M
 Heap Initial Capacity: 252M
 Heap Max Capacity: 4030M
 Pre-touch: Disabled
 Parallel Workers: 8
 Concurrent Workers: 2
 Concurrent Refinement Workers: 8
 Periodic GC: Disabled
Heap:
 garbage-first heap   total 264192K, used 116281K [0x0000000704200000, 0x0000000800000000)
  region size 2048K, 5 young (10240K), 5 survivors (10240K)
 Metaspace       used 55273K, committed 56064K, reserved 1114112K
  class space    used 6197K, committed 6592K, reserved 1048576K
GC Heap History (20 events):
Event: 7.545 GC heap after
{Heap after GC invocations=40 (full 12):
 garbage-first heap   total 264192K, used 39776K [0x0000000704200000, 0x0000000800000000)
  region size 2048K, 1 young (2048K), 1 survivors (2048K)
 Metaspace       used 37496K, committed 38080K, reserved 1114112K
  class space    used 4000K, committed 4288K, reserved 1048576K
}
Event: 7.772 GC heap before
{Heap before GC invocations=40 (full 12):
 garbage-first heap   total 264192K, used 195424K [0x0000000704200000, 0x0000000800000000)
  region size 2048K, 77 young (157696K), 1 survivors (2048K)
 Metaspace       used 37496K, committed 38080K, reserved 1114112K
  class space    used 4000K, committed 4288K, reserved 1048576K
}
Event: 7.773 GC heap after
{Heap after GC invocations=41 (full 12):
 garbage-first heap   total 264192K, used 39721K [0x0000000704200000, 0x0000000800000000)
  region size 2048K, 1 young (2048K), 1 survivors (2048K)
 Metaspace       used 37496K, committed 38080K, reserved 1114112K
  class space    used 4000K, committed 4288K, reserved 1048576K
}
Event: 8.027 GC heap before
{Heap before GC invocations=41 (full 12):
 garbage-first heap   total 264192K, used 195369K [0x0000000704200000, 0x0000000800000000)
  region size 2048K, 77 young (157696K), 1 survivors (2048K)
 Metaspace       used 37496K, committed 38080K, reserved 1114112K
  class space    used 4000K, committed 4288K, reserved 1048576K
}
Event: 8.027 GC heap after
{Heap after GC invocations=42 (full 12):
 garbage-first heap   total 264192K, used 39563K [0x0000000704200000, 0x0000000800000000)
  region size 2048K, 1 young (2048K), 1 survivors (2048K)
 Metaspace       used 37496K, committed 38080K, reserved 1114112K
  class space    used 4000K, committed 4288K, reserved 1048576K
}
Event: 8.266 GC heap before
{Heap before GC invocations=42 (full 12):
 garbage-first heap   total 264192K, used 195211K [0x0000000704200000, 0x0000000800000000)
  region size 2048K, 77 young (157696K), 1 survivors (2048K)
 Metaspace       used 37508K, committed 38144K, reserved 1114112K
  class space    used 4000K, committed 4288K, reserved 1048576K
}
Event: 8.267 GC heap after
{Heap after GC invocations=43 (full 12):
 garbage-first heap   total 264192K, used 39923K [0x0000000704200000, 0x0000000800000000)
  region size 2048K, 1 young (2048K), 1 survivors (2048K)
 Metaspace       used 37508K, committed 38144K, reserved 1114112K
  class space    used 4000K, committed 4288K, reserved 1048576K
}
Event: 8.512 GC heap before
{Heap before GC invocations=43 (full 12):
 garbage-first heap   total 264192K, used 195571K [0x0000000704200000, 0x0000000800000000)
  region size 2048K, 77 young (157696K), 1 survivors (2048K)
 Metaspace       used 37510K, committed 38144K, reserved 1114112K
  class space    used 4000K, committed 4288K, reserved 1048576K
}
Event: 8.513 GC heap after
{Heap after GC invocations=44 (full 12):
 garbage-first heap   total 264192K, used 39664K [0x0000000704200000, 0x0000000800000000)
  region size 2048K, 1 young (2048K), 1 survivors (2048K)
 Metaspace       used 37510K, committed 38144K, reserved 1114112K
  class space    used 4000K, committed 4288K, reserved 1048576K
}
Event: 8.744 GC heap before
{Heap before GC invocations=44 (full 12):
 garbage-first heap   total 264192K, used 195312K [0x0000000704200000, 0x0000000800000000)
  region size 2048K, 77 young (157696K), 1 survivors (2048K)
 Metaspace       used 37512K, committed 38144K, reserved 1114112K
  class space    used 4000K, committed 4288K, reserved 1048576K
}
Event: 8.744 GC heap after
{Heap after GC invocations=45 (full 12):
 garbage-first heap   total 264192K, used 39693K [0x0000000704200000, 0x0000000800000000)
  region size 2048K, 1 young (2048K), 1 survivors (2048K)
 Metaspace       used 37512K, committed 38144K, reserved 1114112K
  class space    used 4000K, committed 4288K, reserved 1048576K
}
Event: 9.170 GC heap before
{Heap before GC invocations=45 (full 12):
 garbage-first heap   total 264192K, used 195341K [0x0000000704200000, 0x0000000800000000)
  region size 2048K, 77 young (157696K), 1 survivors (2048K)
 Metaspace       used 39706K, committed 40256K, reserved 1114112K
  class space    used 4325K, committed 4608K, reserved 1048576K
}
Event: 9.180 GC heap after
{Heap after GC invocations=46 (full 12):
 garbage-first heap   total 264192K, used 60156K [0x0000000704200000, 0x0000000800000000)
  region size 2048K, 10 young (20480K), 10 survivors (20480K)
 Metaspace       used 39706K, committed 40256K, reserved 1114112K
  class space    used 4325K, committed 4608K, reserved 1048576K
}
Event: 9.401 GC heap before
{Heap before GC invocations=46 (full 12):
 garbage-first heap   total 264192K, used 197372K [0x0000000704200000, 0x0000000800000000)
  region size 2048K, 77 young (157696K), 10 survivors (20480K)
 Metaspace       used 39714K, committed 40256K, reserved 1114112K
  class space    used 4325K, committed 4608K, reserved 1048576K
}
Event: 9.417 GC heap after
{Heap after GC invocations=47 (full 12):
 garbage-first heap   total 264192K, used 81479K [0x0000000704200000, 0x0000000800000000)
  region size 2048K, 10 young (20480K), 10 survivors (20480K)
 Metaspace       used 39714K, committed 40256K, reserved 1114112K
  class space    used 4325K, committed 4608K, reserved 1048576K
}
Event: 9.702 GC heap before
{Heap before GC invocations=47 (full 12):
 garbage-first heap   total 264192K, used 218695K [0x0000000704200000, 0x0000000800000000)
  region size 2048K, 77 young (157696K), 10 survivors (20480K)
 Metaspace       used 39894K, committed 40512K, reserved 1114112K
  class space    used 4352K, committed 4608K, reserved 1048576K
}
Event: 9.719 GC heap after
{Heap after GC invocations=48 (full 12):
 garbage-first heap   total 264192K, used 105142K [0x0000000704200000, 0x0000000800000000)
  region size 2048K, 10 young (20480K), 10 survivors (20480K)
 Metaspace       used 39894K, committed 40512K, reserved 1114112K
  class space    used 4352K, committed 4608K, reserved 1048576K
}
Event: 10.311 GC heap before
{Heap before GC invocations=48 (full 12):
 garbage-first heap   total 264192K, used 221878K [0x0000000704200000, 0x0000000800000000)
  region size 2048K, 67 young (137216K), 10 survivors (20480K)
 Metaspace       used 45486K, committed 46208K, reserved 1114112K
  class space    used 4980K, committed 5312K, reserved 1048576K
}
Event: 10.320 GC heap after
{Heap after GC invocations=49 (full 12):
 garbage-first heap   total 264192K, used 112616K [0x0000000704200000, 0x0000000800000000)
  region size 2048K, 3 young (6144K), 3 survivors (6144K)
 Metaspace       used 45486K, committed 46208K, reserved 1114112K
  class space    used 4980K, committed 5312K, reserved 1048576K
}
Event: 11.529 GC heap before
{Heap before GC invocations=49 (full 12):
 garbage-first heap   total 264192K, used 229352K [0x0000000704200000, 0x0000000800000000)
  region size 2048K, 60 young (122880K), 3 survivors (6144K)
 Metaspace       used 55273K, committed 56064K, reserved 1114112K
  class space    used 6197K, committed 6592K, reserved 1048576K
}

