# JRE version: Java(TM) SE Runtime Environment (21.0.6+8) (build 21.0.6+8-LTS-188)
# Java VM: Java HotSpot(TM) 64-Bit Server VM (21.0.6+8-LTS-188, mixed mode, sharing, tiered, compressed oops, compressed class ptrs, g1 gc, windows-amd64)
GC Precious Log:
 CardTable entry size: 512
 Card Set container configuration: InlinePtr #cards 4 size 8 Array Of Cards #cards 16 size 48 Howl #buckets 8 coarsen threshold 3686 Howl Bitmap #cards 512 size 80 coarsen threshold 460 Card regions per heap region 1 cards per card region 4096
 CPUs: 8 total, 8 available
 Memory: 16118M
 Large Page Support: Disabled
 NUMA Support: Disabled
 Compressed Oops: Enabled (Zero based)
 Heap Region Size: 2M
 Heap Min Capacity: 8M
 Heap Initial Capacity: 252M
 Heap Max Capacity: 4030M
 Pre-touch: Disabled
 Parallel Workers: 8
 Concurrent Workers: 2
 Concurrent Refinement Workers: 8
 Periodic GC: Disabled
Heap:
 garbage-first heap   total 258048K, used 220694K [0x0000000704200000, 0x0000000800000000)
  region size 2048K, 57 young (116736K), 3 survivors (6144K)
 Metaspace       used 56997K, committed 57792K, reserved 1114112K
  class space    used 6414K, committed 6784K, reserved 1048576K
GC Heap History (20 events):
Event: 7.970 GC heap before
{Heap before GC invocations=37 (full 12):
 garbage-first heap   total 258048K, used 189078K [0x0000000704200000, 0x0000000800000000)
  region size 2048K, 75 young (153600K), 2 survivors (4096K)
 Metaspace       used 37524K, committed 38080K, reserved 1114112K
  class space    used 4005K, committed 4288K, reserved 1048576K
}
Event: 7.971 GC heap after
{Heap after GC invocations=38 (full 12):
 garbage-first heap   total 258048K, used 39366K [0x0000000704200000, 0x0000000800000000)
  region size 2048K, 1 young (2048K), 1 survivors (2048K)
 Metaspace       used 37524K, committed 38080K, reserved 1114112K
  class space    used 4005K, committed 4288K, reserved 1048576K
}
Event: 8.232 GC heap before
{Heap before GC invocations=38 (full 12):
 garbage-first heap   total 258048K, used 190918K [0x0000000704200000, 0x0000000800000000)
  region size 2048K, 75 young (153600K), 1 survivors (2048K)
 Metaspace       used 37524K, committed 38080K, reserved 1114112K
  class space    used 4005K, committed 4288K, reserved 1048576K
}
Event: 8.233 GC heap after
{Heap after GC invocations=39 (full 12):
 garbage-first heap   total 258048K, used 39583K [0x0000000704200000, 0x0000000800000000)
  region size 2048K, 1 young (2048K), 1 survivors (2048K)
 Metaspace       used 37524K, committed 38080K, reserved 1114112K
  class space    used 4005K, committed 4288K, reserved 1048576K
}
Event: 8.493 GC heap before
{Heap before GC invocations=39 (full 12):
 garbage-first heap   total 258048K, used 191135K [0x0000000704200000, 0x0000000800000000)
  region size 2048K, 75 young (153600K), 1 survivors (2048K)
 Metaspace       used 37524K, committed 38080K, reserved 1114112K
  class space    used 4005K, committed 4288K, reserved 1048576K
}
Event: 8.494 GC heap after
{Heap after GC invocations=40 (full 12):
 garbage-first heap   total 258048K, used 39671K [0x0000000704200000, 0x0000000800000000)
  region size 2048K, 1 young (2048K), 1 survivors (2048K)
 Metaspace       used 37524K, committed 38080K, reserved 1114112K
  class space    used 4005K, committed 4288K, reserved 1048576K
}
Event: 8.792 GC heap before
{Heap before GC invocations=40 (full 12):
 garbage-first heap   total 258048K, used 191223K [0x0000000704200000, 0x0000000800000000)
  region size 2048K, 75 young (153600K), 1 survivors (2048K)
 Metaspace       used 37543K, committed 38144K, reserved 1114112K
  class space    used 4005K, committed 4288K, reserved 1048576K
}
Event: 8.793 GC heap after
{Heap after GC invocations=41 (full 12):
 garbage-first heap   total 258048K, used 39839K [0x0000000704200000, 0x0000000800000000)
  region size 2048K, 1 young (2048K), 1 survivors (2048K)
 Metaspace       used 37543K, committed 38144K, reserved 1114112K
  class space    used 4005K, committed 4288K, reserved 1048576K
}
Event: 9.097 GC heap before
{Heap before GC invocations=41 (full 12):
 garbage-first heap   total 258048K, used 191391K [0x0000000704200000, 0x0000000800000000)
  region size 2048K, 75 young (153600K), 1 survivors (2048K)
 Metaspace       used 37544K, committed 38144K, reserved 1114112K
  class space    used 4005K, committed 4288K, reserved 1048576K
}
Event: 9.098 GC heap after
{Heap after GC invocations=42 (full 12):
 garbage-first heap   total 258048K, used 39576K [0x0000000704200000, 0x0000000800000000)
  region size 2048K, 1 young (2048K), 1 survivors (2048K)
 Metaspace       used 37544K, committed 38144K, reserved 1114112K
  class space    used 4005K, committed 4288K, reserved 1048576K
}
Event: 9.584 GC heap before
{Heap before GC invocations=42 (full 12):
 garbage-first heap   total 258048K, used 191128K [0x0000000704200000, 0x0000000800000000)
  region size 2048K, 75 young (153600K), 1 survivors (2048K)
 Metaspace       used 39124K, committed 39744K, reserved 1114112K
  class space    used 4249K, committed 4544K, reserved 1048576K
}
Event: 9.586 GC heap after
{Heap after GC invocations=43 (full 12):
 garbage-first heap   total 258048K, used 39928K [0x0000000704200000, 0x0000000800000000)
  region size 2048K, 1 young (2048K), 1 survivors (2048K)
 Metaspace       used 39124K, committed 39744K, reserved 1114112K
  class space    used 4249K, committed 4544K, reserved 1048576K
}
Event: 10.108 GC heap before
{Heap before GC invocations=43 (full 12):
 garbage-first heap   total 258048K, used 191480K [0x0000000704200000, 0x0000000800000000)
  region size 2048K, 75 young (153600K), 1 survivors (2048K)
 Metaspace       used 39724K, committed 40256K, reserved 1114112K
  class space    used 4331K, committed 4608K, reserved 1048576K
}
Event: 10.130 GC heap after
{Heap after GC invocations=44 (full 12):
 garbage-first heap   total 258048K, used 68766K [0x0000000704200000, 0x0000000800000000)
  region size 2048K, 10 young (20480K), 10 survivors (20480K)
 Metaspace       used 39724K, committed 40256K, reserved 1114112K
  class space    used 4331K, committed 4608K, reserved 1048576K
}
Event: 10.403 GC heap before
{Heap before GC invocations=44 (full 12):
 garbage-first heap   total 258048K, used 201886K [0x0000000704200000, 0x0000000800000000)
  region size 2048K, 75 young (153600K), 10 survivors (20480K)
 Metaspace       used 39732K, committed 40320K, reserved 1114112K
  class space    used 4331K, committed 4608K, reserved 1048576K
}
Event: 10.423 GC heap after
{Heap after GC invocations=45 (full 12):
 garbage-first heap   total 258048K, used 90581K [0x0000000704200000, 0x0000000800000000)
  region size 2048K, 10 young (20480K), 10 survivors (20480K)
 Metaspace       used 39732K, committed 40320K, reserved 1114112K
  class space    used 4331K, committed 4608K, reserved 1048576K
}
Event: 10.746 GC heap before
{Heap before GC invocations=45 (full 12):
 garbage-first heap   total 258048K, used 217557K [0x0000000704200000, 0x0000000800000000)
  region size 2048K, 72 young (147456K), 10 survivors (20480K)
 Metaspace       used 39912K, committed 40512K, reserved 1114112K
  class space    used 4358K, committed 4608K, reserved 1048576K
}
Event: 10.762 GC heap after
{Heap after GC invocations=46 (full 12):
 garbage-first heap   total 258048K, used 105977K [0x0000000704200000, 0x0000000800000000)
  region size 2048K, 7 young (14336K), 7 survivors (14336K)
 Metaspace       used 39912K, committed 40512K, reserved 1114112K
  class space    used 4358K, committed 4608K, reserved 1048576K
}
Event: 12.058 GC heap before
{Heap before GC invocations=46 (full 12):
 garbage-first heap   total 258048K, used 222713K [0x0000000704200000, 0x0000000800000000)
  region size 2048K, 64 young (131072K), 7 survivors (14336K)
 Metaspace       used 51816K, committed 52480K, reserved 1114112K
  class space    used 5788K, committed 6080K, reserved 1048576K
}
Event: 12.068 GC heap after
{Heap after GC invocations=47 (full 12):
 garbage-first heap   total 258048K, used 112150K [0x0000000704200000, 0x0000000800000000)
  region size 2048K, 3 young (6144K), 3 survivors (6144K)
 Metaspace       used 51816K, committed 52480K, reserved 1114112K
  class space    used 5788K, committed 6080K, reserved 1048576K
}

