# JRE version: Java(TM) SE Runtime Environment (21.0.6+8) (build 21.0.6+8-LTS-188)
# Java VM: Java HotSpot(TM) 64-Bit Server VM (21.0.6+8-LTS-188, mixed mode, sharing, tiered, compressed oops, compressed class ptrs, g1 gc, windows-amd64)
GC Precious Log:
 CardTable entry size: 512
 Card Set container configuration: InlinePtr #cards 4 size 8 Array Of Cards #cards 16 size 48 Howl #buckets 8 coarsen threshold 3686 Howl Bitmap #cards 512 size 80 coarsen threshold 460 Card regions per heap region 1 cards per card region 4096
 CPUs: 8 total, 8 available
 Memory: 16118M
 Large Page Support: Disabled
 NUMA Support: Disabled
 Compressed Oops: Enabled (Zero based)
 Heap Region Size: 2M
 Heap Min Capacity: 8M
 Heap Initial Capacity: 252M
 Heap Max Capacity: 4030M
 Pre-touch: Disabled
 Parallel Workers: 8
 Concurrent Workers: 2
 Concurrent Refinement Workers: 8
 Periodic GC: Disabled
Heap:
 garbage-first heap   total 360448K, used 230794K [0x0000000704200000, 0x0000000800000000)
  region size 2048K, 69 young (141312K), 6 survivors (12288K)
 Metaspace       used 57959K, committed 58688K, reserved 1114112K
  class space    used 6324K, committed 6656K, reserved 1048576K
GC Heap History (20 events):
Event: 7.226 GC heap before
{Heap before GC invocations=41 (full 12):
 garbage-first heap   total 249856K, used 184711K [0x0000000704200000, 0x0000000800000000)
  region size 2048K, 73 young (149504K), 1 survivors (2048K)
 Metaspace       used 31531K, committed 32064K, reserved 1114112K
  class space    used 3377K, committed 3584K, reserved 1048576K
}
Event: 7.227 GC heap after
{Heap after GC invocations=42 (full 12):
 garbage-first heap   total 249856K, used 37290K [0x0000000704200000, 0x0000000800000000)
  region size 2048K, 1 young (2048K), 1 survivors (2048K)
 Metaspace       used 31531K, committed 32064K, reserved 1114112K
  class space    used 3377K, committed 3584K, reserved 1048576K
}
Event: 7.433 GC heap before
{Heap before GC invocations=42 (full 12):
 garbage-first heap   total 249856K, used 184746K [0x0000000704200000, 0x0000000800000000)
  region size 2048K, 73 young (149504K), 1 survivors (2048K)
 Metaspace       used 31544K, committed 32064K, reserved 1114112K
  class space    used 3377K, committed 3584K, reserved 1048576K
}
Event: 7.434 GC heap after
{Heap after GC invocations=43 (full 12):
 garbage-first heap   total 249856K, used 37502K [0x0000000704200000, 0x0000000800000000)
  region size 2048K, 1 young (2048K), 1 survivors (2048K)
 Metaspace       used 31544K, committed 32064K, reserved 1114112K
  class space    used 3377K, committed 3584K, reserved 1048576K
}
Event: 7.699 GC heap before
{Heap before GC invocations=43 (full 12):
 garbage-first heap   total 249856K, used 184958K [0x0000000704200000, 0x0000000800000000)
  region size 2048K, 73 young (149504K), 1 survivors (2048K)
 Metaspace       used 31550K, committed 32064K, reserved 1114112K
  class space    used 3377K, committed 3584K, reserved 1048576K
}
Event: 7.700 GC heap after
{Heap after GC invocations=44 (full 12):
 garbage-first heap   total 249856K, used 37271K [0x0000000704200000, 0x0000000800000000)
  region size 2048K, 1 young (2048K), 1 survivors (2048K)
 Metaspace       used 31550K, committed 32064K, reserved 1114112K
  class space    used 3377K, committed 3584K, reserved 1048576K
}
Event: 8.086 GC heap before
{Heap before GC invocations=44 (full 12):
 garbage-first heap   total 249856K, used 184727K [0x0000000704200000, 0x0000000800000000)
  region size 2048K, 73 young (149504K), 1 survivors (2048K)
 Metaspace       used 33718K, committed 34240K, reserved 1114112K
  class space    used 3702K, committed 3968K, reserved 1048576K
}
Event: 8.094 GC heap after
{Heap after GC invocations=45 (full 12):
 garbage-first heap   total 249856K, used 53243K [0x0000000704200000, 0x0000000800000000)
  region size 2048K, 8 young (16384K), 8 survivors (16384K)
 Metaspace       used 33718K, committed 34240K, reserved 1114112K
  class space    used 3702K, committed 3968K, reserved 1048576K
}
Event: 8.281 GC heap before
{Heap before GC invocations=45 (full 12):
 garbage-first heap   total 249856K, used 186363K [0x0000000704200000, 0x0000000800000000)
  region size 2048K, 73 young (149504K), 8 survivors (16384K)
 Metaspace       used 33727K, committed 34240K, reserved 1114112K
  class space    used 3702K, committed 3968K, reserved 1048576K
}
Event: 8.295 GC heap after
{Heap after GC invocations=46 (full 12):
 garbage-first heap   total 249856K, used 73995K [0x0000000704200000, 0x0000000800000000)
  region size 2048K, 10 young (20480K), 10 survivors (20480K)
 Metaspace       used 33727K, committed 34240K, reserved 1114112K
  class space    used 3702K, committed 3968K, reserved 1048576K
}
Event: 8.505 GC heap before
{Heap before GC invocations=46 (full 12):
 garbage-first heap   total 249856K, used 203019K [0x0000000704200000, 0x0000000800000000)
  region size 2048K, 73 young (149504K), 10 survivors (20480K)
 Metaspace       used 33900K, committed 34496K, reserved 1114112K
  class space    used 3728K, committed 3968K, reserved 1048576K
}
Event: 8.521 GC heap after
{Heap after GC invocations=47 (full 12):
 garbage-first heap   total 249856K, used 95376K [0x0000000704200000, 0x0000000800000000)
  region size 2048K, 10 young (20480K), 10 survivors (20480K)
 Metaspace       used 33900K, committed 34496K, reserved 1114112K
  class space    used 3728K, committed 3968K, reserved 1048576K
}
Event: 9.252 GC heap before
{Heap before GC invocations=47 (full 12):
 garbage-first heap   total 249856K, used 210064K [0x0000000704200000, 0x0000000800000000)
  region size 2048K, 66 young (135168K), 10 survivors (20480K)
 Metaspace       used 43475K, committed 44160K, reserved 1114112K
  class space    used 4848K, committed 5184K, reserved 1048576K
}
Event: 9.261 GC heap after
{Heap after GC invocations=48 (full 12):
 garbage-first heap   total 249856K, used 102700K [0x0000000704200000, 0x0000000800000000)
  region size 2048K, 3 young (6144K), 3 survivors (6144K)
 Metaspace       used 43475K, committed 44160K, reserved 1114112K
  class space    used 4848K, committed 5184K, reserved 1048576K
}
Event: 10.058 GC heap before
{Heap before GC invocations=48 (full 12):
 garbage-first heap   total 249856K, used 215340K [0x0000000704200000, 0x0000000800000000)
  region size 2048K, 58 young (118784K), 3 survivors (6144K)
 Metaspace       used 49958K, committed 50752K, reserved 1114112K
  class space    used 5670K, committed 6016K, reserved 1048576K
}
Event: 10.064 GC heap after
{Heap after GC invocations=49 (full 12):
 garbage-first heap   total 360448K, used 104820K [0x0000000704200000, 0x0000000800000000)
  region size 2048K, 4 young (8192K), 4 survivors (8192K)
 Metaspace       used 49958K, committed 50752K, reserved 1114112K
  class space    used 5670K, committed 6016K, reserved 1048576K
}
Event: 10.380 GC heap before
{Heap before GC invocations=49 (full 12):
 garbage-first heap   total 360448K, used 115060K [0x0000000704200000, 0x0000000800000000)
  region size 2048K, 11 young (22528K), 4 survivors (8192K)
 Metaspace       used 52417K, committed 53120K, reserved 1114112K
  class space    used 5845K, committed 6208K, reserved 1048576K
}
Event: 10.385 GC heap after
{Heap after GC invocations=50 (full 12):
 garbage-first heap   total 360448K, used 105829K [0x0000000704200000, 0x0000000800000000)
  region size 2048K, 5 young (10240K), 5 survivors (10240K)
 Metaspace       used 52417K, committed 53120K, reserved 1114112K
  class space    used 5845K, committed 6208K, reserved 1048576K
}
Event: 42.982 GC heap before
{Heap before GC invocations=51 (full 12):
 garbage-first heap   total 360448K, used 306533K [0x0000000704200000, 0x0000000800000000)
  region size 2048K, 105 young (215040K), 5 survivors (10240K)
 Metaspace       used 57875K, committed 58688K, reserved 1114112K
  class space    used 6316K, committed 6656K, reserved 1048576K
}
Event: 42.987 GC heap after
{Heap after GC invocations=52 (full 12):
 garbage-first heap   total 360448K, used 105866K [0x0000000704200000, 0x0000000800000000)
  region size 2048K, 6 young (12288K), 6 survivors (12288K)
 Metaspace       used 57875K, committed 58688K, reserved 1114112K
  class space    used 6316K, committed 6656K, reserved 1048576K
}

