# JRE version: Java(TM) SE Runtime Environment (21.0.6+8) (build 21.0.6+8-LTS-188)
# Java VM: Java HotSpot(TM) 64-Bit Server VM (21.0.6+8-LTS-188, mixed mode, sharing, tiered, compressed oops, compressed class ptrs, g1 gc, windows-amd64)
GC Precious Log:
 CardTable entry size: 512
 Card Set container configuration: InlinePtr #cards 4 size 8 Array Of Cards #cards 16 size 48 Howl #buckets 8 coarsen threshold 3686 Howl Bitmap #cards 512 size 80 coarsen threshold 460 Card regions per heap region 1 cards per card region 4096
 CPUs: 8 total, 8 available
 Memory: 16118M
 Large Page Support: Disabled
 NUMA Support: Disabled
 Compressed Oops: Enabled (Zero based)
 Heap Region Size: 2M
 Heap Min Capacity: 8M
 Heap Initial Capacity: 252M
 Heap Max Capacity: 4030M
 Pre-touch: Disabled
 Parallel Workers: 8
 Concurrent Workers: 2
 Concurrent Refinement Workers: 8
 Periodic GC: Disabled
Heap:
 garbage-first heap   total 348160K, used 115048K [0x0000000704200000, 0x0000000800000000)
  region size 2048K, 13 young (26624K), 5 survivors (10240K)
 Metaspace       used 59399K, committed 60352K, reserved 1114112K
  class space    used 6487K, committed 6848K, reserved 1048576K
GC Heap History (20 events):
Event: 165.743 GC heap before
{Heap before GC invocations=55 (full 12):
 garbage-first heap   total 348160K, used 295222K [0x0000000704200000, 0x0000000800000000)
  region size 2048K, 102 young (208896K), 6 survivors (12288K)
 Metaspace       used 58591K, committed 59392K, reserved 1114112K
  class space    used 6377K, committed 6720K, reserved 1048576K
}
Event: 165.749 GC heap after
{Heap after GC invocations=56 (full 12):
 garbage-first heap   total 348160K, used 99084K [0x0000000704200000, 0x0000000800000000)
  region size 2048K, 6 young (12288K), 6 survivors (12288K)
 Metaspace       used 58591K, committed 59392K, reserved 1114112K
  class space    used 6377K, committed 6720K, reserved 1048576K
}
Event: 206.469 GC heap before
{Heap before GC invocations=56 (full 12):
 garbage-first heap   total 348160K, used 295692K [0x0000000704200000, 0x0000000800000000)
  region size 2048K, 102 young (208896K), 6 survivors (12288K)
 Metaspace       used 58677K, committed 59456K, reserved 1114112K
  class space    used 6389K, committed 6720K, reserved 1048576K
}
Event: 206.475 GC heap after
{Heap after GC invocations=57 (full 12):
 garbage-first heap   total 348160K, used 99094K [0x0000000704200000, 0x0000000800000000)
  region size 2048K, 6 young (12288K), 6 survivors (12288K)
 Metaspace       used 58677K, committed 59456K, reserved 1114112K
  class space    used 6389K, committed 6720K, reserved 1048576K
}
Event: 247.357 GC heap before
{Heap before GC invocations=57 (full 12):
 garbage-first heap   total 348160K, used 295702K [0x0000000704200000, 0x0000000800000000)
  region size 2048K, 102 young (208896K), 6 survivors (12288K)
 Metaspace       used 58851K, committed 59776K, reserved 1114112K
  class space    used 6406K, committed 6784K, reserved 1048576K
}
Event: 247.364 GC heap after
{Heap after GC invocations=58 (full 12):
 garbage-first heap   total 348160K, used 99345K [0x0000000704200000, 0x0000000800000000)
  region size 2048K, 6 young (12288K), 6 survivors (12288K)
 Metaspace       used 58851K, committed 59776K, reserved 1114112K
  class space    used 6406K, committed 6784K, reserved 1048576K
}
Event: 288.173 GC heap before
{Heap before GC invocations=58 (full 12):
 garbage-first heap   total 348160K, used 295953K [0x0000000704200000, 0x0000000800000000)
  region size 2048K, 102 young (208896K), 6 survivors (12288K)
 Metaspace       used 58931K, committed 59840K, reserved 1114112K
  class space    used 6417K, committed 6784K, reserved 1048576K
}
Event: 288.179 GC heap after
{Heap after GC invocations=59 (full 12):
 garbage-first heap   total 348160K, used 99836K [0x0000000704200000, 0x0000000800000000)
  region size 2048K, 6 young (12288K), 6 survivors (12288K)
 Metaspace       used 58931K, committed 59840K, reserved 1114112K
  class space    used 6417K, committed 6784K, reserved 1048576K
}
Event: 329.212 GC heap before
{Heap before GC invocations=59 (full 12):
 garbage-first heap   total 348160K, used 296444K [0x0000000704200000, 0x0000000800000000)
  region size 2048K, 102 young (208896K), 6 survivors (12288K)
 Metaspace       used 59004K, committed 59904K, reserved 1114112K
  class space    used 6428K, committed 6784K, reserved 1048576K
}
Event: 329.216 GC heap after
{Heap after GC invocations=60 (full 12):
 garbage-first heap   total 348160K, used 99625K [0x0000000704200000, 0x0000000800000000)
  region size 2048K, 6 young (12288K), 6 survivors (12288K)
 Metaspace       used 59004K, committed 59904K, reserved 1114112K
  class space    used 6428K, committed 6784K, reserved 1048576K
}
Event: 370.091 GC heap before
{Heap before GC invocations=60 (full 12):
 garbage-first heap   total 348160K, used 296233K [0x0000000704200000, 0x0000000800000000)
  region size 2048K, 102 young (208896K), 6 survivors (12288K)
 Metaspace       used 59068K, committed 59904K, reserved 1114112K
  class space    used 6440K, committed 6784K, reserved 1048576K
}
Event: 370.097 GC heap after
{Heap after GC invocations=61 (full 12):
 garbage-first heap   total 348160K, used 99879K [0x0000000704200000, 0x0000000800000000)
  region size 2048K, 6 young (12288K), 6 survivors (12288K)
 Metaspace       used 59068K, committed 59904K, reserved 1114112K
  class space    used 6440K, committed 6784K, reserved 1048576K
}
Event: 411.023 GC heap before
{Heap before GC invocations=61 (full 12):
 garbage-first heap   total 348160K, used 296487K [0x0000000704200000, 0x0000000800000000)
  region size 2048K, 102 young (208896K), 6 survivors (12288K)
 Metaspace       used 59140K, committed 60096K, reserved 1114112K
  class space    used 6451K, committed 6848K, reserved 1048576K
}
Event: 411.029 GC heap after
{Heap after GC invocations=62 (full 12):
 garbage-first heap   total 348160K, used 99730K [0x0000000704200000, 0x0000000800000000)
  region size 2048K, 6 young (12288K), 6 survivors (12288K)
 Metaspace       used 59140K, committed 60096K, reserved 1114112K
  class space    used 6451K, committed 6848K, reserved 1048576K
}
Event: 451.926 GC heap before
{Heap before GC invocations=62 (full 12):
 garbage-first heap   total 348160K, used 296338K [0x0000000704200000, 0x0000000800000000)
  region size 2048K, 102 young (208896K), 6 survivors (12288K)
 Metaspace       used 59230K, committed 60224K, reserved 1114112K
  class space    used 6462K, committed 6848K, reserved 1048576K
}
Event: 451.933 GC heap after
{Heap after GC invocations=63 (full 12):
 garbage-first heap   total 348160K, used 99950K [0x0000000704200000, 0x0000000800000000)
  region size 2048K, 6 young (12288K), 6 survivors (12288K)
 Metaspace       used 59230K, committed 60224K, reserved 1114112K
  class space    used 6462K, committed 6848K, reserved 1048576K
}
Event: 492.693 GC heap before
{Heap before GC invocations=63 (full 12):
 garbage-first heap   total 348160K, used 296558K [0x0000000704200000, 0x0000000800000000)
  region size 2048K, 102 young (208896K), 6 survivors (12288K)
 Metaspace       used 59296K, committed 60288K, reserved 1114112K
  class space    used 6473K, committed 6848K, reserved 1048576K
}
Event: 492.700 GC heap after
{Heap after GC invocations=64 (full 12):
 garbage-first heap   total 348160K, used 100699K [0x0000000704200000, 0x0000000800000000)
  region size 2048K, 7 young (14336K), 7 survivors (14336K)
 Metaspace       used 59296K, committed 60288K, reserved 1114112K
  class space    used 6473K, committed 6848K, reserved 1048576K
}
Event: 533.491 GC heap before
{Heap before GC invocations=64 (full 12):
 garbage-first heap   total 348160K, used 295259K [0x0000000704200000, 0x0000000800000000)
  region size 2048K, 102 young (208896K), 7 survivors (14336K)
 Metaspace       used 59384K, committed 60352K, reserved 1114112K
  class space    used 6485K, committed 6848K, reserved 1048576K
}
Event: 533.497 GC heap after
{Heap after GC invocations=65 (full 12):
 garbage-first heap   total 348160K, used 100712K [0x0000000704200000, 0x0000000800000000)
  region size 2048K, 5 young (10240K), 5 survivors (10240K)
 Metaspace       used 59384K, committed 60352K, reserved 1114112K
  class space    used 6485K, committed 6848K, reserved 1048576K
}

