# JRE version: Java(TM) SE Runtime Environment (21.0.6+8) (build 21.0.6+8-LTS-188)
# Java VM: Java HotSpot(TM) 64-Bit Server VM (21.0.6+8-LTS-188, mixed mode, sharing, tiered, compressed oops, compressed class ptrs, g1 gc, windows-amd64)
GC Precious Log:
 CardTable entry size: 512
 Card Set container configuration: InlinePtr #cards 4 size 8 Array Of Cards #cards 16 size 48 Howl #buckets 8 coarsen threshold 3686 Howl Bitmap #cards 512 size 80 coarsen threshold 460 Card regions per heap region 1 cards per card region 4096
 CPUs: 8 total, 8 available
 Memory: 16118M
 Large Page Support: Disabled
 NUMA Support: Disabled
 Compressed Oops: Enabled (Zero based)
 Heap Region Size: 2M
 Heap Min Capacity: 8M
 Heap Initial Capacity: 252M
 Heap Max Capacity: 4030M
 Pre-touch: Disabled
 Parallel Workers: 8
 Concurrent Workers: 2
 Concurrent Refinement Workers: 8
 Periodic GC: Disabled
Heap:
 garbage-first heap   total 245760K, used 178206K [0x0000000704200000, 0x0000000800000000)
  region size 2048K, 39 young (79872K), 2 survivors (4096K)
 Metaspace       used 71530K, committed 72384K, reserved 1114112K
  class space    used 7636K, committed 8000K, reserved 1048576K
GC Heap History (20 events):
Event: 14.358 GC heap before
{Heap before GC invocations=38 (full 12):
 garbage-first heap   total 245760K, used 183845K [0x0000000704200000, 0x0000000800000000)
  region size 2048K, 72 young (147456K), 1 survivors (2048K)
 Metaspace       used 36860K, committed 37440K, reserved 1114112K
  class space    used 3957K, committed 4224K, reserved 1048576K
}
Event: 14.359 GC heap after
{Heap after GC invocations=39 (full 12):
 garbage-first heap   total 245760K, used 38560K [0x0000000704200000, 0x0000000800000000)
  region size 2048K, 1 young (2048K), 1 survivors (2048K)
 Metaspace       used 36860K, committed 37440K, reserved 1114112K
  class space    used 3957K, committed 4224K, reserved 1048576K
}
Event: 14.831 GC heap before
{Heap before GC invocations=39 (full 12):
 garbage-first heap   total 245760K, used 183968K [0x0000000704200000, 0x0000000800000000)
  region size 2048K, 72 young (147456K), 1 survivors (2048K)
 Metaspace       used 36865K, committed 37440K, reserved 1114112K
  class space    used 3957K, committed 4224K, reserved 1048576K
}
Event: 14.832 GC heap after
{Heap after GC invocations=40 (full 12):
 garbage-first heap   total 245760K, used 38669K [0x0000000704200000, 0x0000000800000000)
  region size 2048K, 1 young (2048K), 1 survivors (2048K)
 Metaspace       used 36865K, committed 37440K, reserved 1114112K
  class space    used 3957K, committed 4224K, reserved 1048576K
}
Event: 15.359 GC heap before
{Heap before GC invocations=40 (full 12):
 garbage-first heap   total 245760K, used 184077K [0x0000000704200000, 0x0000000800000000)
  region size 2048K, 72 young (147456K), 1 survivors (2048K)
 Metaspace       used 36866K, committed 37440K, reserved 1114112K
  class space    used 3957K, committed 4224K, reserved 1048576K
}
Event: 15.360 GC heap after
{Heap after GC invocations=41 (full 12):
 garbage-first heap   total 245760K, used 38485K [0x0000000704200000, 0x0000000800000000)
  region size 2048K, 1 young (2048K), 1 survivors (2048K)
 Metaspace       used 36866K, committed 37440K, reserved 1114112K
  class space    used 3957K, committed 4224K, reserved 1048576K
}
Event: 16.008 GC heap before
{Heap before GC invocations=41 (full 12):
 garbage-first heap   total 245760K, used 183893K [0x0000000704200000, 0x0000000800000000)
  region size 2048K, 72 young (147456K), 1 survivors (2048K)
 Metaspace       used 36878K, committed 37440K, reserved 1114112K
  class space    used 3957K, committed 4224K, reserved 1048576K
}
Event: 16.009 GC heap after
{Heap after GC invocations=42 (full 12):
 garbage-first heap   total 245760K, used 38470K [0x0000000704200000, 0x0000000800000000)
  region size 2048K, 1 young (2048K), 1 survivors (2048K)
 Metaspace       used 36878K, committed 37440K, reserved 1114112K
  class space    used 3957K, committed 4224K, reserved 1048576K
}
Event: 16.752 GC heap before
{Heap before GC invocations=42 (full 12):
 garbage-first heap   total 245760K, used 183878K [0x0000000704200000, 0x0000000800000000)
  region size 2048K, 72 young (147456K), 1 survivors (2048K)
 Metaspace       used 39049K, committed 39616K, reserved 1114112K
  class space    used 4283K, committed 4544K, reserved 1048576K
}
Event: 16.769 GC heap after
{Heap after GC invocations=43 (full 12):
 garbage-first heap   total 245760K, used 63875K [0x0000000704200000, 0x0000000800000000)
  region size 2048K, 9 young (18432K), 9 survivors (18432K)
 Metaspace       used 39049K, committed 39616K, reserved 1114112K
  class space    used 4283K, committed 4544K, reserved 1048576K
}
Event: 17.152 GC heap before
{Heap before GC invocations=43 (full 12):
 garbage-first heap   total 245760K, used 192899K [0x0000000704200000, 0x0000000800000000)
  region size 2048K, 72 young (147456K), 9 survivors (18432K)
 Metaspace       used 39059K, committed 39680K, reserved 1114112K
  class space    used 4283K, committed 4544K, reserved 1048576K
}
Event: 17.177 GC heap after
{Heap after GC invocations=44 (full 12):
 garbage-first heap   total 245760K, used 84947K [0x0000000704200000, 0x0000000800000000)
  region size 2048K, 9 young (18432K), 9 survivors (18432K)
 Metaspace       used 39059K, committed 39680K, reserved 1114112K
  class space    used 4283K, committed 4544K, reserved 1048576K
}
Event: 17.690 GC heap before
{Heap before GC invocations=44 (full 12):
 garbage-first heap   total 245760K, used 207827K [0x0000000704200000, 0x0000000800000000)
  region size 2048K, 69 young (141312K), 9 survivors (18432K)
 Metaspace       used 39246K, committed 39872K, reserved 1114112K
  class space    used 4310K, committed 4608K, reserved 1048576K
}
Event: 17.706 GC heap after
{Heap after GC invocations=45 (full 12):
 garbage-first heap   total 245760K, used 100114K [0x0000000704200000, 0x0000000800000000)
  region size 2048K, 7 young (14336K), 7 survivors (14336K)
 Metaspace       used 39246K, committed 39872K, reserved 1114112K
  class space    used 4310K, committed 4608K, reserved 1048576K
}
Event: 19.782 GC heap before
{Heap before GC invocations=45 (full 12):
 garbage-first heap   total 245760K, used 210706K [0x0000000704200000, 0x0000000800000000)
  region size 2048K, 61 young (124928K), 7 survivors (14336K)
 Metaspace       used 52261K, committed 52992K, reserved 1114112K
  class space    used 5857K, committed 6208K, reserved 1048576K
}
Event: 19.795 GC heap after
{Heap after GC invocations=46 (full 12):
 garbage-first heap   total 245760K, used 107890K [0x0000000704200000, 0x0000000800000000)
  region size 2048K, 4 young (8192K), 4 survivors (8192K)
 Metaspace       used 52261K, committed 52992K, reserved 1114112K
  class space    used 5857K, committed 6208K, reserved 1048576K
}
Event: 21.082 GC heap before
{Heap before GC invocations=46 (full 12):
 garbage-first heap   total 245760K, used 212338K [0x0000000704200000, 0x0000000800000000)
  region size 2048K, 56 young (114688K), 4 survivors (8192K)
 Metaspace       used 60813K, committed 61632K, reserved 1114112K
  class space    used 6721K, committed 7104K, reserved 1048576K
}
Event: 21.088 GC heap after
{Heap after GC invocations=47 (full 12):
 garbage-first heap   total 245760K, used 109938K [0x0000000704200000, 0x0000000800000000)
  region size 2048K, 5 young (10240K), 5 survivors (10240K)
 Metaspace       used 60813K, committed 61632K, reserved 1114112K
  class space    used 6721K, committed 7104K, reserved 1048576K
}
Event: 21.142 GC heap before
{Heap before GC invocations=47 (full 12):
 garbage-first heap   total 245760K, used 116082K [0x0000000704200000, 0x0000000800000000)
  region size 2048K, 9 young (18432K), 5 survivors (10240K)
 Metaspace       used 61175K, committed 61888K, reserved 1114112K
  class space    used 6761K, committed 7104K, reserved 1048576K
}
Event: 21.148 GC heap after
{Heap after GC invocations=48 (full 12):
 garbage-first heap   total 245760K, used 110622K [0x0000000704200000, 0x0000000800000000)
  region size 2048K, 2 young (4096K), 2 survivors (4096K)
 Metaspace       used 61175K, committed 61888K, reserved 1114112K
  class space    used 6761K, committed 7104K, reserved 1048576K
}

