# JRE version: Java(TM) SE Runtime Environment (21.0.6+8) (build 21.0.6+8-LTS-188)
# Java VM: Java HotSpot(TM) 64-Bit Server VM (21.0.6+8-LTS-188, mixed mode, sharing, tiered, compressed oops, compressed class ptrs, g1 gc, windows-amd64)
GC Precious Log:
 CardTable entry size: 512
 Card Set container configuration: InlinePtr #cards 4 size 8 Array Of Cards #cards 16 size 48 Howl #buckets 8 coarsen threshold 3686 Howl Bitmap #cards 512 size 80 coarsen threshold 460 Card regions per heap region 1 cards per card region 4096
 CPUs: 8 total, 8 available
 Memory: 16118M
 Large Page Support: Disabled
 NUMA Support: Disabled
 Compressed Oops: Enabled (Zero based)
 Heap Region Size: 2M
 Heap Min Capacity: 8M
 Heap Initial Capacity: 252M
 Heap Max Capacity: 4030M
 Pre-touch: Disabled
 Parallel Workers: 8
 Concurrent Workers: 2
 Concurrent Refinement Workers: 8
 Periodic GC: Disabled
Heap:
 garbage-first heap   total 266240K, used 109314K [0x0000000704200000, 0x0000000800000000)
  region size 2048K, 4 young (8192K), 4 survivors (8192K)
 Metaspace       used 39285K, committed 39872K, reserved 1114112K
  class space    used 4318K, committed 4608K, reserved 1048576K
GC Heap History (20 events):
Event: 9.109 GC heap after
{Heap after GC invocations=45 (full 12):
 garbage-first heap   total 184320K, used 39610K [0x0000000704200000, 0x0000000800000000)
  region size 2048K, 1 young (2048K), 1 survivors (2048K)
 Metaspace       used 36908K, committed 37504K, reserved 1114112K
  class space    used 3967K, committed 4288K, reserved 1048576K
}
Event: 9.452 GC heap before
{Heap before GC invocations=45 (full 12):
 garbage-first heap   total 184320K, used 148154K [0x0000000704200000, 0x0000000800000000)
  region size 2048K, 54 young (110592K), 1 survivors (2048K)
 Metaspace       used 36908K, committed 37504K, reserved 1114112K
  class space    used 3967K, committed 4288K, reserved 1048576K
}
Event: 9.454 GC heap after
{Heap after GC invocations=46 (full 12):
 garbage-first heap   total 184320K, used 39676K [0x0000000704200000, 0x0000000800000000)
  region size 2048K, 1 young (2048K), 1 survivors (2048K)
 Metaspace       used 36908K, committed 37504K, reserved 1114112K
  class space    used 3967K, committed 4288K, reserved 1048576K
}
Event: 9.709 GC heap before
{Heap before GC invocations=46 (full 12):
 garbage-first heap   total 184320K, used 148220K [0x0000000704200000, 0x0000000800000000)
  region size 2048K, 54 young (110592K), 1 survivors (2048K)
 Metaspace       used 36911K, committed 37504K, reserved 1114112K
  class space    used 3967K, committed 4288K, reserved 1048576K
}
Event: 9.710 GC heap after
{Heap after GC invocations=47 (full 12):
 garbage-first heap   total 184320K, used 39737K [0x0000000704200000, 0x0000000800000000)
  region size 2048K, 1 young (2048K), 1 survivors (2048K)
 Metaspace       used 36911K, committed 37504K, reserved 1114112K
  class space    used 3967K, committed 4288K, reserved 1048576K
}
Event: 9.996 GC heap before
{Heap before GC invocations=47 (full 12):
 garbage-first heap   total 184320K, used 148281K [0x0000000704200000, 0x0000000800000000)
  region size 2048K, 54 young (110592K), 1 survivors (2048K)
 Metaspace       used 36919K, committed 37504K, reserved 1114112K
  class space    used 3968K, committed 4288K, reserved 1048576K
}
Event: 9.997 GC heap after
{Heap after GC invocations=48 (full 12):
 garbage-first heap   total 184320K, used 39676K [0x0000000704200000, 0x0000000800000000)
  region size 2048K, 1 young (2048K), 1 survivors (2048K)
 Metaspace       used 36919K, committed 37504K, reserved 1114112K
  class space    used 3968K, committed 4288K, reserved 1048576K
}
Event: 10.298 GC heap before
{Heap before GC invocations=48 (full 12):
 garbage-first heap   total 184320K, used 148220K [0x0000000704200000, 0x0000000800000000)
  region size 2048K, 54 young (110592K), 1 survivors (2048K)
 Metaspace       used 36924K, committed 37504K, reserved 1114112K
  class space    used 3968K, committed 4288K, reserved 1048576K
}
Event: 10.298 GC heap after
{Heap after GC invocations=49 (full 12):
 garbage-first heap   total 184320K, used 39698K [0x0000000704200000, 0x0000000800000000)
  region size 2048K, 1 young (2048K), 1 survivors (2048K)
 Metaspace       used 36924K, committed 37504K, reserved 1114112K
  class space    used 3968K, committed 4288K, reserved 1048576K
}
Event: 10.593 GC heap before
{Heap before GC invocations=49 (full 12):
 garbage-first heap   total 184320K, used 148242K [0x0000000704200000, 0x0000000800000000)
  region size 2048K, 54 young (110592K), 1 survivors (2048K)
 Metaspace       used 36928K, committed 37504K, reserved 1114112K
  class space    used 3968K, committed 4288K, reserved 1048576K
}
Event: 10.594 GC heap after
{Heap after GC invocations=50 (full 12):
 garbage-first heap   total 184320K, used 39937K [0x0000000704200000, 0x0000000800000000)
  region size 2048K, 1 young (2048K), 1 survivors (2048K)
 Metaspace       used 36928K, committed 37504K, reserved 1114112K
  class space    used 3968K, committed 4288K, reserved 1048576K
}
Event: 11.102 GC heap before
{Heap before GC invocations=50 (full 12):
 garbage-first heap   total 184320K, used 148481K [0x0000000704200000, 0x0000000800000000)
  region size 2048K, 54 young (110592K), 1 survivors (2048K)
 Metaspace       used 39108K, committed 39744K, reserved 1114112K
  class space    used 4292K, committed 4608K, reserved 1048576K
}
Event: 11.108 GC heap after
{Heap after GC invocations=51 (full 12):
 garbage-first heap   total 184320K, used 51294K [0x0000000704200000, 0x0000000800000000)
  region size 2048K, 6 young (12288K), 6 survivors (12288K)
 Metaspace       used 39108K, committed 39744K, reserved 1114112K
  class space    used 4292K, committed 4608K, reserved 1048576K
}
Event: 11.355 GC heap before
{Heap before GC invocations=51 (full 12):
 garbage-first heap   total 184320K, used 147550K [0x0000000704200000, 0x0000000800000000)
  region size 2048K, 54 young (110592K), 6 survivors (12288K)
 Metaspace       used 39110K, committed 39744K, reserved 1114112K
  class space    used 4293K, committed 4608K, reserved 1048576K
}
Event: 11.370 GC heap after
{Heap after GC invocations=52 (full 12):
 garbage-first heap   total 184320K, used 68841K [0x0000000704200000, 0x0000000800000000)
  region size 2048K, 7 young (14336K), 7 survivors (14336K)
 Metaspace       used 39110K, committed 39744K, reserved 1114112K
  class space    used 4293K, committed 4608K, reserved 1048576K
}
Event: 11.625 GC heap before
{Heap before GC invocations=52 (full 12):
 garbage-first heap   total 184320K, used 156905K [0x0000000704200000, 0x0000000800000000)
  region size 2048K, 50 young (102400K), 7 survivors (14336K)
 Metaspace       used 39110K, committed 39744K, reserved 1114112K
  class space    used 4293K, committed 4608K, reserved 1048576K
}
Event: 11.646 GC heap after
{Heap after GC invocations=53 (full 12):
 garbage-first heap   total 190464K, used 87895K [0x0000000704200000, 0x0000000800000000)
  region size 2048K, 7 young (14336K), 7 survivors (14336K)
 Metaspace       used 39110K, committed 39744K, reserved 1114112K
  class space    used 4293K, committed 4608K, reserved 1048576K
}
Event: 11.879 GC heap before
{Heap before GC invocations=53 (full 12):
 garbage-first heap   total 190464K, used 161623K [0x0000000704200000, 0x0000000800000000)
  region size 2048K, 43 young (88064K), 7 survivors (14336K)
 Metaspace       used 39116K, committed 39744K, reserved 1114112K
  class space    used 4293K, committed 4608K, reserved 1048576K
}
Event: 11.896 GC heap after
{Heap after GC invocations=54 (full 12):
 garbage-first heap   total 192512K, used 102760K [0x0000000704200000, 0x0000000800000000)
  region size 2048K, 6 young (12288K), 6 survivors (12288K)
 Metaspace       used 39116K, committed 39744K, reserved 1114112K
  class space    used 4293K, committed 4608K, reserved 1048576K
}
Event: 12.243 GC heap before
{Heap before GC invocations=54 (full 12):
 garbage-first heap   total 192512K, used 164200K [0x0000000704200000, 0x0000000800000000)
  region size 2048K, 36 young (73728K), 6 survivors (12288K)
 Metaspace       used 39285K, committed 39872K, reserved 1114112K
  class space    used 4318K, committed 4608K, reserved 1048576K
}

