# JRE version: Java(TM) SE Runtime Environment (21.0.6+8) (build 21.0.6+8-LTS-188)
# Java VM: Java HotSpot(TM) 64-Bit Server VM (21.0.6+8-LTS-188, mixed mode, sharing, tiered, compressed oops, compressed class ptrs, g1 gc, windows-amd64)
GC Precious Log:
 CardTable entry size: 512
 Card Set container configuration: InlinePtr #cards 4 size 8 Array Of Cards #cards 16 size 48 Howl #buckets 8 coarsen threshold 3686 Howl Bitmap #cards 512 size 80 coarsen threshold 460 Card regions per heap region 1 cards per card region 4096
 CPUs: 8 total, 8 available
 Memory: 16118M
 Large Page Support: Disabled
 NUMA Support: Disabled
 Compressed Oops: Enabled (Zero based)
 Heap Region Size: 2M
 Heap Min Capacity: 8M
 Heap Initial Capacity: 252M
 Heap Max Capacity: 4030M
 Pre-touch: Disabled
 Parallel Workers: 8
 Concurrent Workers: 2
 Concurrent Refinement Workers: 8
 Periodic GC: Disabled
Heap:
 garbage-first heap   total 163840K, used 46827K [0x0000000704200000, 0x0000000800000000)
  region size 2048K, 6 young (12288K), 1 survivors (2048K)
 Metaspace       used 36833K, committed 37440K, reserved 1114112K
  class space    used 3955K, committed 4224K, reserved 1048576K
GC Heap History (20 events):
Event: 14.061 GC heap before
{Heap before GC invocations=35 (full 12):
 garbage-first heap   total 163840K, used 132658K [0x0000000704200000, 0x0000000800000000)
  region size 2048K, 48 young (98304K), 2 survivors (4096K)
 Metaspace       used 36801K, committed 37376K, reserved 1114112K
  class space    used 3951K, committed 4224K, reserved 1048576K
}
Event: 14.063 GC heap after
{Heap after GC invocations=36 (full 12):
 garbage-first heap   total 163840K, used 38320K [0x0000000704200000, 0x0000000800000000)
  region size 2048K, 2 young (4096K), 2 survivors (4096K)
 Metaspace       used 36801K, committed 37376K, reserved 1114112K
  class space    used 3951K, committed 4224K, reserved 1048576K
}
Event: 14.375 GC heap before
{Heap before GC invocations=36 (full 12):
 garbage-first heap   total 163840K, used 132528K [0x0000000704200000, 0x0000000800000000)
  region size 2048K, 48 young (98304K), 2 survivors (4096K)
 Metaspace       used 36832K, committed 37440K, reserved 1114112K
  class space    used 3955K, committed 4224K, reserved 1048576K
}
Event: 14.377 GC heap after
{Heap after GC invocations=37 (full 12):
 garbage-first heap   total 163840K, used 38405K [0x0000000704200000, 0x0000000800000000)
  region size 2048K, 1 young (2048K), 1 survivors (2048K)
 Metaspace       used 36832K, committed 37440K, reserved 1114112K
  class space    used 3955K, committed 4224K, reserved 1048576K
}
Event: 14.780 GC heap before
{Heap before GC invocations=37 (full 12):
 garbage-first heap   total 163840K, used 134661K [0x0000000704200000, 0x0000000800000000)
  region size 2048K, 48 young (98304K), 1 survivors (2048K)
 Metaspace       used 36832K, committed 37440K, reserved 1114112K
  class space    used 3955K, committed 4224K, reserved 1048576K
}
Event: 14.780 GC heap after
{Heap after GC invocations=38 (full 12):
 garbage-first heap   total 163840K, used 38569K [0x0000000704200000, 0x0000000800000000)
  region size 2048K, 1 young (2048K), 1 survivors (2048K)
 Metaspace       used 36832K, committed 37440K, reserved 1114112K
  class space    used 3955K, committed 4224K, reserved 1048576K
}
Event: 15.168 GC heap before
{Heap before GC invocations=38 (full 12):
 garbage-first heap   total 163840K, used 134825K [0x0000000704200000, 0x0000000800000000)
  region size 2048K, 48 young (98304K), 1 survivors (2048K)
 Metaspace       used 36832K, committed 37440K, reserved 1114112K
  class space    used 3955K, committed 4224K, reserved 1048576K
}
Event: 15.169 GC heap after
{Heap after GC invocations=39 (full 12):
 garbage-first heap   total 163840K, used 38557K [0x0000000704200000, 0x0000000800000000)
  region size 2048K, 1 young (2048K), 1 survivors (2048K)
 Metaspace       used 36832K, committed 37440K, reserved 1114112K
  class space    used 3955K, committed 4224K, reserved 1048576K
}
Event: 15.432 GC heap before
{Heap before GC invocations=39 (full 12):
 garbage-first heap   total 163840K, used 134813K [0x0000000704200000, 0x0000000800000000)
  region size 2048K, 48 young (98304K), 1 survivors (2048K)
 Metaspace       used 36832K, committed 37440K, reserved 1114112K
  class space    used 3955K, committed 4224K, reserved 1048576K
}
Event: 15.433 GC heap after
{Heap after GC invocations=40 (full 12):
 garbage-first heap   total 163840K, used 38636K [0x0000000704200000, 0x0000000800000000)
  region size 2048K, 1 young (2048K), 1 survivors (2048K)
 Metaspace       used 36832K, committed 37440K, reserved 1114112K
  class space    used 3955K, committed 4224K, reserved 1048576K
}
Event: 15.711 GC heap before
{Heap before GC invocations=40 (full 12):
 garbage-first heap   total 163840K, used 134892K [0x0000000704200000, 0x0000000800000000)
  region size 2048K, 48 young (98304K), 1 survivors (2048K)
 Metaspace       used 36832K, committed 37440K, reserved 1114112K
  class space    used 3955K, committed 4224K, reserved 1048576K
}
Event: 15.711 GC heap after
{Heap after GC invocations=41 (full 12):
 garbage-first heap   total 163840K, used 38519K [0x0000000704200000, 0x0000000800000000)
  region size 2048K, 1 young (2048K), 1 survivors (2048K)
 Metaspace       used 36832K, committed 37440K, reserved 1114112K
  class space    used 3955K, committed 4224K, reserved 1048576K
}
Event: 15.972 GC heap before
{Heap before GC invocations=41 (full 12):
 garbage-first heap   total 163840K, used 134775K [0x0000000704200000, 0x0000000800000000)
  region size 2048K, 48 young (98304K), 1 survivors (2048K)
 Metaspace       used 36832K, committed 37440K, reserved 1114112K
  class space    used 3955K, committed 4224K, reserved 1048576K
}
Event: 15.973 GC heap after
{Heap after GC invocations=42 (full 12):
 garbage-first heap   total 163840K, used 38534K [0x0000000704200000, 0x0000000800000000)
  region size 2048K, 1 young (2048K), 1 survivors (2048K)
 Metaspace       used 36832K, committed 37440K, reserved 1114112K
  class space    used 3955K, committed 4224K, reserved 1048576K
}
Event: 16.256 GC heap before
{Heap before GC invocations=42 (full 12):
 garbage-first heap   total 163840K, used 134790K [0x0000000704200000, 0x0000000800000000)
  region size 2048K, 48 young (98304K), 1 survivors (2048K)
 Metaspace       used 36832K, committed 37440K, reserved 1114112K
  class space    used 3955K, committed 4224K, reserved 1048576K
}
Event: 16.256 GC heap after
{Heap after GC invocations=43 (full 12):
 garbage-first heap   total 163840K, used 38482K [0x0000000704200000, 0x0000000800000000)
  region size 2048K, 1 young (2048K), 1 survivors (2048K)
 Metaspace       used 36832K, committed 37440K, reserved 1114112K
  class space    used 3955K, committed 4224K, reserved 1048576K
}
Event: 16.531 GC heap before
{Heap before GC invocations=43 (full 12):
 garbage-first heap   total 163840K, used 134738K [0x0000000704200000, 0x0000000800000000)
  region size 2048K, 48 young (98304K), 1 survivors (2048K)
 Metaspace       used 36832K, committed 37440K, reserved 1114112K
  class space    used 3955K, committed 4224K, reserved 1048576K
}
Event: 16.532 GC heap after
{Heap after GC invocations=44 (full 12):
 garbage-first heap   total 163840K, used 38650K [0x0000000704200000, 0x0000000800000000)
  region size 2048K, 1 young (2048K), 1 survivors (2048K)
 Metaspace       used 36832K, committed 37440K, reserved 1114112K
  class space    used 3955K, committed 4224K, reserved 1048576K
}
Event: 16.855 GC heap before
{Heap before GC invocations=44 (full 12):
 garbage-first heap   total 163840K, used 134906K [0x0000000704200000, 0x0000000800000000)
  region size 2048K, 48 young (98304K), 1 survivors (2048K)
 Metaspace       used 36832K, committed 37440K, reserved 1114112K
  class space    used 3955K, committed 4224K, reserved 1048576K
}
Event: 16.856 GC heap after
{Heap after GC invocations=45 (full 12):
 garbage-first heap   total 163840K, used 38648K [0x0000000704200000, 0x0000000800000000)
  region size 2048K, 1 young (2048K), 1 survivors (2048K)
 Metaspace       used 36832K, committed 37440K, reserved 1114112K
  class space    used 3955K, committed 4224K, reserved 1048576K
}

