# JRE version: Java(TM) SE Runtime Environment (21.0.6+8) (build 21.0.6+8-LTS-188)
# Java VM: Java HotSpot(TM) 64-Bit Server VM (21.0.6+8-LTS-188, mixed mode, sharing, tiered, compressed oops, compressed class ptrs, g1 gc, windows-amd64)
GC Precious Log:
 CardTable entry size: 512
 Card Set container configuration: InlinePtr #cards 4 size 8 Array Of Cards #cards 16 size 48 Howl #buckets 8 coarsen threshold 3686 Howl Bitmap #cards 512 size 80 coarsen threshold 460 Card regions per heap region 1 cards per card region 4096
 CPUs: 8 total, 8 available
 Memory: 16118M
 Large Page Support: Disabled
 NUMA Support: Disabled
 Compressed Oops: Enabled (Zero based)
 Heap Region Size: 2M
 Heap Min Capacity: 8M
 Heap Initial Capacity: 252M
 Heap Max Capacity: 4030M
 Pre-touch: Disabled
 Parallel Workers: 8
 Concurrent Workers: 2
 Concurrent Refinement Workers: 8
 Periodic GC: Disabled
Heap:
 garbage-first heap   total 276480K, used 112019K [0x0000000704200000, 0x0000000800000000)
  region size 2048K, 12 young (24576K), 4 survivors (8192K)
 Metaspace       used 51831K, committed 52416K, reserved 1114112K
  class space    used 5868K, committed 6144K, reserved 1048576K
GC Heap History (20 events):
Event: 7.957 GC heap before
{Heap before GC invocations=38 (full 12):
 garbage-first heap   total 276480K, used 202680K [0x0000000704200000, 0x0000000800000000)
  region size 2048K, 81 young (165888K), 1 survivors (2048K)
 Metaspace       used 36773K, committed 37312K, reserved 1114112K
  class space    used 3948K, committed 4224K, reserved 1048576K
}
Event: 7.957 GC heap after
{Heap after GC invocations=39 (full 12):
 garbage-first heap   total 276480K, used 38947K [0x0000000704200000, 0x0000000800000000)
  region size 2048K, 1 young (2048K), 1 survivors (2048K)
 Metaspace       used 36773K, committed 37312K, reserved 1114112K
  class space    used 3948K, committed 4224K, reserved 1048576K
}
Event: 8.218 GC heap before
{Heap before GC invocations=39 (full 12):
 garbage-first heap   total 276480K, used 202787K [0x0000000704200000, 0x0000000800000000)
  region size 2048K, 81 young (165888K), 1 survivors (2048K)
 Metaspace       used 36786K, committed 37312K, reserved 1114112K
  class space    used 3948K, committed 4224K, reserved 1048576K
}
Event: 8.218 GC heap after
{Heap after GC invocations=40 (full 12):
 garbage-first heap   total 276480K, used 39145K [0x0000000704200000, 0x0000000800000000)
  region size 2048K, 1 young (2048K), 1 survivors (2048K)
 Metaspace       used 36786K, committed 37312K, reserved 1114112K
  class space    used 3948K, committed 4224K, reserved 1048576K
}
Event: 8.442 GC heap before
{Heap before GC invocations=40 (full 12):
 garbage-first heap   total 276480K, used 202985K [0x0000000704200000, 0x0000000800000000)
  region size 2048K, 81 young (165888K), 1 survivors (2048K)
 Metaspace       used 36788K, committed 37312K, reserved 1114112K
  class space    used 3948K, committed 4224K, reserved 1048576K
}
Event: 8.443 GC heap after
{Heap after GC invocations=41 (full 12):
 garbage-first heap   total 276480K, used 38905K [0x0000000704200000, 0x0000000800000000)
  region size 2048K, 1 young (2048K), 1 survivors (2048K)
 Metaspace       used 36788K, committed 37312K, reserved 1114112K
  class space    used 3948K, committed 4224K, reserved 1048576K
}
Event: 8.867 GC heap before
{Heap before GC invocations=41 (full 12):
 garbage-first heap   total 276480K, used 202745K [0x0000000704200000, 0x0000000800000000)
  region size 2048K, 81 young (165888K), 1 survivors (2048K)
 Metaspace       used 38956K, committed 39552K, reserved 1114112K
  class space    used 4273K, committed 4608K, reserved 1048576K
}
Event: 8.877 GC heap after
{Heap after GC invocations=42 (full 12):
 garbage-first heap   total 276480K, used 58190K [0x0000000704200000, 0x0000000800000000)
  region size 2048K, 10 young (20480K), 10 survivors (20480K)
 Metaspace       used 38956K, committed 39552K, reserved 1114112K
  class space    used 4273K, committed 4608K, reserved 1048576K
}
Event: 9.185 GC heap before
{Heap before GC invocations=42 (full 12):
 garbage-first heap   total 276480K, used 203598K [0x0000000704200000, 0x0000000800000000)
  region size 2048K, 81 young (165888K), 10 survivors (20480K)
 Metaspace       used 38967K, committed 39616K, reserved 1114112K
  class space    used 4273K, committed 4608K, reserved 1048576K
}
Event: 9.203 GC heap after
{Heap after GC invocations=43 (full 12):
 garbage-first heap   total 276480K, used 80208K [0x0000000704200000, 0x0000000800000000)
  region size 2048K, 11 young (22528K), 11 survivors (22528K)
 Metaspace       used 38967K, committed 39616K, reserved 1114112K
  class space    used 4273K, committed 4608K, reserved 1048576K
}
Event: 9.478 GC heap before
{Heap before GC invocations=43 (full 12):
 garbage-first heap   total 276480K, used 223568K [0x0000000704200000, 0x0000000800000000)
  region size 2048K, 81 young (165888K), 11 survivors (22528K)
 Metaspace       used 39149K, committed 39744K, reserved 1114112K
  class space    used 4300K, committed 4608K, reserved 1048576K
}
Event: 9.494 GC heap after
{Heap after GC invocations=44 (full 12):
 garbage-first heap   total 276480K, used 100586K [0x0000000704200000, 0x0000000800000000)
  region size 2048K, 9 young (18432K), 9 survivors (18432K)
 Metaspace       used 39149K, committed 39744K, reserved 1114112K
  class space    used 4300K, committed 4608K, reserved 1048576K
}
Event: 9.684 GC heap before
{Heap before GC invocations=44 (full 12):
 garbage-first heap   total 276480K, used 137450K [0x0000000704200000, 0x0000000800000000)
  region size 2048K, 28 young (57344K), 9 survivors (18432K)
 Metaspace       used 41039K, committed 41664K, reserved 1114112K
  class space    used 4519K, committed 4800K, reserved 1048576K
}
Event: 9.726 GC heap after
{Heap after GC invocations=45 (full 13):
 garbage-first heap   total 276480K, used 92740K [0x0000000704200000, 0x0000000800000000)
  region size 2048K, 0 young (0K), 0 survivors (0K)
 Metaspace       used 41039K, committed 41664K, reserved 1114112K
  class space    used 4519K, committed 4800K, reserved 1048576K
}
Event: 9.727 GC heap before
{Heap before GC invocations=45 (full 13):
 garbage-first heap   total 276480K, used 92740K [0x0000000704200000, 0x0000000800000000)
  region size 2048K, 1 young (2048K), 0 survivors (0K)
 Metaspace       used 41039K, committed 41664K, reserved 1114112K
  class space    used 4519K, committed 4800K, reserved 1048576K
}
Event: 9.773 GC heap after
{Heap after GC invocations=46 (full 14):
 garbage-first heap   total 276480K, used 92681K [0x0000000704200000, 0x0000000800000000)
  region size 2048K, 0 young (0K), 0 survivors (0K)
 Metaspace       used 41039K, committed 41664K, reserved 1114112K
  class space    used 4519K, committed 4800K, reserved 1048576K
}
Event: 9.775 GC heap before
{Heap before GC invocations=46 (full 14):
 garbage-first heap   total 276480K, used 92681K [0x0000000704200000, 0x0000000800000000)
  region size 2048K, 1 young (2048K), 0 survivors (0K)
 Metaspace       used 41039K, committed 41664K, reserved 1114112K
  class space    used 4519K, committed 4800K, reserved 1048576K
}
Event: 9.815 GC heap after
{Heap after GC invocations=47 (full 15):
 garbage-first heap   total 276480K, used 90967K [0x0000000704200000, 0x0000000800000000)
  region size 2048K, 0 young (0K), 0 survivors (0K)
 Metaspace       used 41039K, committed 41664K, reserved 1114112K
  class space    used 4519K, committed 4800K, reserved 1048576K
}
Event: 13.682 GC heap before
{Heap before GC invocations=47 (full 15):
 garbage-first heap   total 276480K, used 226135K [0x0000000704200000, 0x0000000800000000)
  region size 2048K, 67 young (137216K), 0 survivors (0K)
 Metaspace       used 48984K, committed 49664K, reserved 1114112K
  class space    used 5561K, committed 5888K, reserved 1048576K
}
Event: 13.686 GC heap after
{Heap after GC invocations=48 (full 15):
 garbage-first heap   total 276480K, used 97683K [0x0000000704200000, 0x0000000800000000)
  region size 2048K, 4 young (8192K), 4 survivors (8192K)
 Metaspace       used 48984K, committed 49664K, reserved 1114112K
  class space    used 5561K, committed 5888K, reserved 1048576K
}

