# JRE version: Java(TM) SE Runtime Environment (21.0.6+8) (build 21.0.6+8-LTS-188)
# Java VM: Java HotSpot(TM) 64-Bit Server VM (21.0.6+8-LTS-188, mixed mode, sharing, tiered, compressed oops, compressed class ptrs, g1 gc, windows-amd64)
GC Precious Log:
 CardTable entry size: 512
 Card Set container configuration: InlinePtr #cards 4 size 8 Array Of Cards #cards 16 size 48 Howl #buckets 8 coarsen threshold 3686 Howl Bitmap #cards 512 size 80 coarsen threshold 460 Card regions per heap region 1 cards per card region 4096
 CPUs: 8 total, 8 available
 Memory: 16118M
 Large Page Support: Disabled
 NUMA Support: Disabled
 Compressed Oops: Enabled (Zero based)
 Heap Region Size: 2M
 Heap Min Capacity: 8M
 Heap Initial Capacity: 252M
 Heap Max Capacity: 4030M
 Pre-touch: Disabled
 Parallel Workers: 8
 Concurrent Workers: 2
 Concurrent Refinement Workers: 8
 Periodic GC: Disabled
Heap:
 garbage-first heap   total 258048K, used 39681K [0x0000000704200000, 0x0000000800000000)
  region size 2048K, 4 young (8192K), 4 survivors (8192K)
 Metaspace       used 36799K, committed 37376K, reserved 1114112K
  class space    used 3957K, committed 4224K, reserved 1048576K
GC Heap History (20 events):
Event: 3.767 GC heap after
{Heap after GC invocations=14 (full 9):
 garbage-first heap   total 69632K, used 18316K [0x0000000704200000, 0x0000000800000000)
  region size 2048K, 0 young (0K), 0 survivors (0K)
 Metaspace       used 36019K, committed 36544K, reserved 1114112K
  class space    used 3908K, committed 4160K, reserved 1048576K
}
Event: 3.768 GC heap before
{Heap before GC invocations=14 (full 9):
 garbage-first heap   total 69632K, used 18316K [0x0000000704200000, 0x0000000800000000)
  region size 2048K, 1 young (2048K), 0 survivors (0K)
 Metaspace       used 36019K, committed 36544K, reserved 1114112K
  class space    used 3908K, committed 4160K, reserved 1048576K
}
Event: 3.786 GC heap after
{Heap after GC invocations=15 (full 10):
 garbage-first heap   total 69632K, used 18316K [0x0000000704200000, 0x0000000800000000)
  region size 2048K, 0 young (0K), 0 survivors (0K)
 Metaspace       used 36019K, committed 36544K, reserved 1114112K
  class space    used 3908K, committed 4160K, reserved 1048576K
}
Event: 3.787 GC heap before
{Heap before GC invocations=15 (full 10):
 garbage-first heap   total 69632K, used 18316K [0x0000000704200000, 0x0000000800000000)
  region size 2048K, 1 young (2048K), 0 survivors (0K)
 Metaspace       used 36019K, committed 36544K, reserved 1114112K
  class space    used 3908K, committed 4160K, reserved 1048576K
}
Event: 3.807 GC heap after
{Heap after GC invocations=16 (full 11):
 garbage-first heap   total 69632K, used 18316K [0x0000000704200000, 0x0000000800000000)
  region size 2048K, 0 young (0K), 0 survivors (0K)
 Metaspace       used 36019K, committed 36544K, reserved 1114112K
  class space    used 3908K, committed 4160K, reserved 1048576K
}
Event: 3.808 GC heap before
{Heap before GC invocations=16 (full 11):
 garbage-first heap   total 69632K, used 18316K [0x0000000704200000, 0x0000000800000000)
  region size 2048K, 1 young (2048K), 0 survivors (0K)
 Metaspace       used 36019K, committed 36544K, reserved 1114112K
  class space    used 3908K, committed 4160K, reserved 1048576K
}
Event: 3.829 GC heap after
{Heap after GC invocations=17 (full 12):
 garbage-first heap   total 69632K, used 18316K [0x0000000704200000, 0x0000000800000000)
  region size 2048K, 0 young (0K), 0 survivors (0K)
 Metaspace       used 36019K, committed 36544K, reserved 1114112K
  class space    used 3908K, committed 4160K, reserved 1048576K
}
Event: 4.115 GC heap before
{Heap before GC invocations=17 (full 12):
 garbage-first heap   total 69632K, used 46988K [0x0000000704200000, 0x0000000800000000)
  region size 2048K, 15 young (30720K), 0 survivors (0K)
 Metaspace       used 36497K, committed 37056K, reserved 1114112K
  class space    used 3936K, committed 4224K, reserved 1048576K
}
Event: 4.119 GC heap after
{Heap after GC invocations=18 (full 12):
 garbage-first heap   total 69632K, used 26983K [0x0000000704200000, 0x0000000800000000)
  region size 2048K, 2 young (4096K), 2 survivors (4096K)
 Metaspace       used 36497K, committed 37056K, reserved 1114112K
  class space    used 3936K, committed 4224K, reserved 1048576K
}
Event: 4.168 GC heap before
{Heap before GC invocations=18 (full 12):
 garbage-first heap   total 69632K, used 47463K [0x0000000704200000, 0x0000000800000000)
  region size 2048K, 13 young (26624K), 2 survivors (4096K)
 Metaspace       used 36519K, committed 37120K, reserved 1114112K
  class space    used 3936K, committed 4224K, reserved 1048576K
}
Event: 4.173 GC heap after
{Heap after GC invocations=19 (full 12):
 garbage-first heap   total 69632K, used 31843K [0x0000000704200000, 0x0000000800000000)
  region size 2048K, 2 young (4096K), 2 survivors (4096K)
 Metaspace       used 36519K, committed 37120K, reserved 1114112K
  class space    used 3936K, committed 4224K, reserved 1048576K
}
Event: 4.206 GC heap before
{Heap before GC invocations=19 (full 12):
 garbage-first heap   total 69632K, used 52323K [0x0000000704200000, 0x0000000800000000)
  region size 2048K, 12 young (24576K), 2 survivors (4096K)
 Metaspace       used 36519K, committed 37120K, reserved 1114112K
  class space    used 3936K, committed 4224K, reserved 1048576K
}
Event: 4.210 GC heap after
{Heap after GC invocations=20 (full 12):
 garbage-first heap   total 200704K, used 36305K [0x0000000704200000, 0x0000000800000000)
  region size 2048K, 2 young (4096K), 2 survivors (4096K)
 Metaspace       used 36519K, committed 37120K, reserved 1114112K
  class space    used 3936K, committed 4224K, reserved 1048576K
}
Event: 4.463 GC heap before
{Heap before GC invocations=20 (full 12):
 garbage-first heap   total 200704K, used 146897K [0x0000000704200000, 0x0000000800000000)
  region size 2048K, 57 young (116736K), 2 survivors (4096K)
 Metaspace       used 36764K, committed 37312K, reserved 1114112K
  class space    used 3957K, committed 4224K, reserved 1048576K
}
Event: 4.468 GC heap after
{Heap after GC invocations=21 (full 12):
 garbage-first heap   total 200704K, used 39773K [0x0000000704200000, 0x0000000800000000)
  region size 2048K, 4 young (8192K), 4 survivors (8192K)
 Metaspace       used 36764K, committed 37312K, reserved 1114112K
  class space    used 3957K, committed 4224K, reserved 1048576K
}
Event: 4.644 GC heap before
{Heap before GC invocations=21 (full 12):
 garbage-first heap   total 200704K, used 150365K [0x0000000704200000, 0x0000000800000000)
  region size 2048K, 58 young (118784K), 4 survivors (8192K)
 Metaspace       used 36791K, committed 37376K, reserved 1114112K
  class space    used 3957K, committed 4224K, reserved 1048576K
}
Event: 4.648 GC heap after
{Heap after GC invocations=22 (full 12):
 garbage-first heap   total 200704K, used 39557K [0x0000000704200000, 0x0000000800000000)
  region size 2048K, 4 young (8192K), 4 survivors (8192K)
 Metaspace       used 36791K, committed 37376K, reserved 1114112K
  class space    used 3957K, committed 4224K, reserved 1048576K
}
Event: 4.801 GC heap before
{Heap before GC invocations=22 (full 12):
 garbage-first heap   total 200704K, used 150149K [0x0000000704200000, 0x0000000800000000)
  region size 2048K, 58 young (118784K), 4 survivors (8192K)
 Metaspace       used 36799K, committed 37376K, reserved 1114112K
  class space    used 3957K, committed 4224K, reserved 1048576K
}
Event: 4.804 GC heap after
{Heap after GC invocations=23 (full 12):
 garbage-first heap   total 200704K, used 39439K [0x0000000704200000, 0x0000000800000000)
  region size 2048K, 4 young (8192K), 4 survivors (8192K)
 Metaspace       used 36799K, committed 37376K, reserved 1114112K
  class space    used 3957K, committed 4224K, reserved 1048576K
}
Event: 4.972 GC heap before
{Heap before GC invocations=23 (full 12):
 garbage-first heap   total 200704K, used 150031K [0x0000000704200000, 0x0000000800000000)
  region size 2048K, 58 young (118784K), 4 survivors (8192K)
 Metaspace       used 36799K, committed 37376K, reserved 1114112K
  class space    used 3957K, committed 4224K, reserved 1048576K
}

