# JRE version: Java(TM) SE Runtime Environment (21.0.6+8) (build 21.0.6+8-LTS-188)
# Java VM: Java HotSpot(TM) 64-Bit Server VM (21.0.6+8-LTS-188, mixed mode, sharing, tiered, compressed oops, compressed class ptrs, g1 gc, windows-amd64)
GC Precious Log:
 CardTable entry size: 512
 Card Set container configuration: InlinePtr #cards 4 size 8 Array Of Cards #cards 16 size 48 Howl #buckets 8 coarsen threshold 3686 Howl Bitmap #cards 512 size 80 coarsen threshold 460 Card regions per heap region 1 cards per card region 4096
 CPUs: 8 total, 8 available
 Memory: 16118M
 Large Page Support: Disabled
 NUMA Support: Disabled
 Compressed Oops: Enabled (Zero based)
 Heap Region Size: 2M
 Heap Min Capacity: 8M
 Heap Initial Capacity: 252M
 Heap Max Capacity: 4030M
 Pre-touch: Disabled
 Parallel Workers: 8
 Concurrent Workers: 2
 Concurrent Refinement Workers: 8
 Periodic GC: Disabled
Heap:
 garbage-first heap   total 378880K, used 182435K [0x0000000704200000, 0x0000000800000000)
  region size 2048K, 45 young (92160K), 7 survivors (14336K)
 Metaspace       used 71393K, committed 72192K, reserved 1114112K
  class space    used 7639K, committed 8000K, reserved 1048576K
GC Heap History (20 events):
Event: 7.414 GC heap before
{Heap before GC invocations=38 (full 12):
 garbage-first heap   total 239616K, used 179762K [0x0000000704200000, 0x0000000800000000)
  region size 2048K, 70 young (143360K), 1 survivors (2048K)
 Metaspace       used 36706K, committed 37312K, reserved 1114112K
  class space    used 3945K, committed 4224K, reserved 1048576K
}
Event: 7.415 GC heap after
{Heap after GC invocations=39 (full 12):
 garbage-first heap   total 239616K, used 38624K [0x0000000704200000, 0x0000000800000000)
  region size 2048K, 1 young (2048K), 1 survivors (2048K)
 Metaspace       used 36706K, committed 37312K, reserved 1114112K
  class space    used 3945K, committed 4224K, reserved 1048576K
}
Event: 7.615 GC heap before
{Heap before GC invocations=39 (full 12):
 garbage-first heap   total 239616K, used 179936K [0x0000000704200000, 0x0000000800000000)
  region size 2048K, 70 young (143360K), 1 survivors (2048K)
 Metaspace       used 36706K, committed 37312K, reserved 1114112K
  class space    used 3945K, committed 4224K, reserved 1048576K
}
Event: 7.616 GC heap after
{Heap after GC invocations=40 (full 12):
 garbage-first heap   total 239616K, used 38601K [0x0000000704200000, 0x0000000800000000)
  region size 2048K, 1 young (2048K), 1 survivors (2048K)
 Metaspace       used 36706K, committed 37312K, reserved 1114112K
  class space    used 3945K, committed 4224K, reserved 1048576K
}
Event: 7.865 GC heap before
{Heap before GC invocations=40 (full 12):
 garbage-first heap   total 239616K, used 179913K [0x0000000704200000, 0x0000000800000000)
  region size 2048K, 70 young (143360K), 1 survivors (2048K)
 Metaspace       used 36711K, committed 37312K, reserved 1114112K
  class space    used 3945K, committed 4224K, reserved 1048576K
}
Event: 7.866 GC heap after
{Heap after GC invocations=41 (full 12):
 garbage-first heap   total 239616K, used 38802K [0x0000000704200000, 0x0000000800000000)
  region size 2048K, 1 young (2048K), 1 survivors (2048K)
 Metaspace       used 36711K, committed 37312K, reserved 1114112K
  class space    used 3945K, committed 4224K, reserved 1048576K
}
Event: 8.129 GC heap before
{Heap before GC invocations=41 (full 12):
 garbage-first heap   total 239616K, used 180114K [0x0000000704200000, 0x0000000800000000)
  region size 2048K, 70 young (143360K), 1 survivors (2048K)
 Metaspace       used 36712K, committed 37312K, reserved 1114112K
  class space    used 3945K, committed 4224K, reserved 1048576K
}
Event: 8.130 GC heap after
{Heap after GC invocations=42 (full 12):
 garbage-first heap   total 239616K, used 38524K [0x0000000704200000, 0x0000000800000000)
  region size 2048K, 1 young (2048K), 1 survivors (2048K)
 Metaspace       used 36712K, committed 37312K, reserved 1114112K
  class space    used 3945K, committed 4224K, reserved 1048576K
}
Event: 8.519 GC heap before
{Heap before GC invocations=42 (full 12):
 garbage-first heap   total 239616K, used 179836K [0x0000000704200000, 0x0000000800000000)
  region size 2048K, 70 young (143360K), 1 survivors (2048K)
 Metaspace       used 38899K, committed 39424K, reserved 1114112K
  class space    used 4271K, committed 4544K, reserved 1048576K
}
Event: 8.527 GC heap after
{Heap after GC invocations=43 (full 12):
 garbage-first heap   total 239616K, used 49549K [0x0000000704200000, 0x0000000800000000)
  region size 2048K, 6 young (12288K), 6 survivors (12288K)
 Metaspace       used 38899K, committed 39424K, reserved 1114112K
  class space    used 4271K, committed 4544K, reserved 1048576K
}
Event: 8.716 GC heap before
{Heap before GC invocations=43 (full 12):
 garbage-first heap   total 239616K, used 178573K [0x0000000704200000, 0x0000000800000000)
  region size 2048K, 70 young (143360K), 6 survivors (12288K)
 Metaspace       used 38905K, committed 39488K, reserved 1114112K
  class space    used 4272K, committed 4544K, reserved 1048576K
}
Event: 8.731 GC heap after
{Heap after GC invocations=44 (full 12):
 garbage-first heap   total 239616K, used 70447K [0x0000000704200000, 0x0000000800000000)
  region size 2048K, 9 young (18432K), 9 survivors (18432K)
 Metaspace       used 38905K, committed 39488K, reserved 1114112K
  class space    used 4272K, committed 4544K, reserved 1048576K
}
Event: 8.900 GC heap before
{Heap before GC invocations=44 (full 12):
 garbage-first heap   total 239616K, used 195375K [0x0000000704200000, 0x0000000800000000)
  region size 2048K, 70 young (143360K), 9 survivors (18432K)
 Metaspace       used 38910K, committed 39552K, reserved 1114112K
  class space    used 4272K, committed 4544K, reserved 1048576K
}
Event: 8.917 GC heap after
{Heap after GC invocations=45 (full 12):
 garbage-first heap   total 239616K, used 95553K [0x0000000704200000, 0x0000000800000000)
  region size 2048K, 9 young (18432K), 9 survivors (18432K)
 Metaspace       used 38910K, committed 39552K, reserved 1114112K
  class space    used 4272K, committed 4544K, reserved 1048576K
}
Event: 9.163 GC heap before
{Heap before GC invocations=45 (full 12):
 garbage-first heap   total 239616K, used 200001K [0x0000000704200000, 0x0000000800000000)
  region size 2048K, 60 young (122880K), 9 survivors (18432K)
 Metaspace       used 39434K, committed 40128K, reserved 1114112K
  class space    used 4364K, committed 4672K, reserved 1048576K
}
Event: 9.171 GC heap after
{Heap after GC invocations=46 (full 12):
 garbage-first heap   total 239616K, used 101911K [0x0000000704200000, 0x0000000800000000)
  region size 2048K, 2 young (4096K), 2 survivors (4096K)
 Metaspace       used 39434K, committed 40128K, reserved 1114112K
  class space    used 4364K, committed 4672K, reserved 1048576K
}
Event: 10.498 GC heap before
{Heap before GC invocations=46 (full 12):
 garbage-first heap   total 239616K, used 206359K [0x0000000704200000, 0x0000000800000000)
  region size 2048K, 53 young (108544K), 2 survivors (4096K)
 Metaspace       used 52389K, committed 53056K, reserved 1114112K
  class space    used 5886K, committed 6208K, reserved 1048576K
}
Event: 10.504 GC heap after
{Heap after GC invocations=47 (full 12):
 garbage-first heap   total 378880K, used 107665K [0x0000000704200000, 0x0000000800000000)
  region size 2048K, 5 young (10240K), 5 survivors (10240K)
 Metaspace       used 52389K, committed 53056K, reserved 1114112K
  class space    used 5886K, committed 6208K, reserved 1048576K
}
Event: 11.647 GC heap before
{Heap before GC invocations=47 (full 12):
 garbage-first heap   total 378880K, used 205969K [0x0000000704200000, 0x0000000800000000)
  region size 2048K, 55 young (112640K), 5 survivors (10240K)
 Metaspace       used 60966K, committed 61696K, reserved 1114112K
  class space    used 6730K, committed 7104K, reserved 1048576K
}
Event: 11.654 GC heap after
{Heap after GC invocations=48 (full 12):
 garbage-first heap   total 378880K, used 110755K [0x0000000704200000, 0x0000000800000000)
  region size 2048K, 7 young (14336K), 7 survivors (14336K)
 Metaspace       used 60966K, committed 61696K, reserved 1114112K
  class space    used 6730K, committed 7104K, reserved 1048576K
}

