# JRE version: Java(TM) SE Runtime Environment (21.0.6+8) (build 21.0.6+8-LTS-188)
# Java VM: Java HotSpot(TM) 64-Bit Server VM (21.0.6+8-LTS-188, mixed mode, sharing, tiered, compressed oops, compressed class ptrs, g1 gc, windows-amd64)
GC Precious Log:
 CardTable entry size: 512
 Card Set container configuration: InlinePtr #cards 4 size 8 Array Of Cards #cards 16 size 48 Howl #buckets 8 coarsen threshold 3686 Howl Bitmap #cards 512 size 80 coarsen threshold 460 Card regions per heap region 1 cards per card region 4096
 CPUs: 8 total, 8 available
 Memory: 16118M
 Large Page Support: Disabled
 NUMA Support: Disabled
 Compressed Oops: Enabled (Zero based)
 Heap Region Size: 2M
 Heap Min Capacity: 8M
 Heap Initial Capacity: 252M
 Heap Max Capacity: 4030M
 Pre-touch: Disabled
 Parallel Workers: 8
 Concurrent Workers: 2
 Concurrent Refinement Workers: 8
 Periodic GC: Disabled
Heap:
 garbage-first heap   total 335872K, used 197706K [0x0000000704200000, 0x0000000800000000)
  region size 2048K, 51 young (104448K), 6 survivors (12288K)
 Metaspace       used 72154K, committed 72960K, reserved 1114112K
  class space    used 7697K, committed 8000K, reserved 1048576K
GC Heap History (20 events):
Event: 8.713 GC heap before
{Heap before GC invocations=32 (full 12):
 garbage-first heap   total 335872K, used 231914K [0x0000000704200000, 0x0000000800000000)
  region size 2048K, 98 young (200704K), 4 survivors (8192K)
 Metaspace       used 36948K, committed 37504K, reserved 1114112K
  class space    used 3972K, committed 4224K, reserved 1048576K
}
Event: 8.715 GC heap after
{Heap after GC invocations=33 (full 12):
 garbage-first heap   total 335872K, used 39795K [0x0000000704200000, 0x0000000800000000)
  region size 2048K, 4 young (8192K), 4 survivors (8192K)
 Metaspace       used 36948K, committed 37504K, reserved 1114112K
  class space    used 3972K, committed 4224K, reserved 1048576K
}
Event: 9.009 GC heap before
{Heap before GC invocations=33 (full 12):
 garbage-first heap   total 335872K, used 232307K [0x0000000704200000, 0x0000000800000000)
  region size 2048K, 98 young (200704K), 4 survivors (8192K)
 Metaspace       used 36948K, committed 37504K, reserved 1114112K
  class space    used 3972K, committed 4224K, reserved 1048576K
}
Event: 9.013 GC heap after
{Heap after GC invocations=34 (full 12):
 garbage-first heap   total 335872K, used 39205K [0x0000000704200000, 0x0000000800000000)
  region size 2048K, 4 young (8192K), 4 survivors (8192K)
 Metaspace       used 36948K, committed 37504K, reserved 1114112K
  class space    used 3972K, committed 4224K, reserved 1048576K
}
Event: 9.380 GC heap before
{Heap before GC invocations=34 (full 12):
 garbage-first heap   total 335872K, used 231717K [0x0000000704200000, 0x0000000800000000)
  region size 2048K, 98 young (200704K), 4 survivors (8192K)
 Metaspace       used 36948K, committed 37504K, reserved 1114112K
  class space    used 3972K, committed 4224K, reserved 1048576K
}
Event: 9.384 GC heap after
{Heap after GC invocations=35 (full 12):
 garbage-first heap   total 335872K, used 39720K [0x0000000704200000, 0x0000000800000000)
  region size 2048K, 2 young (4096K), 2 survivors (4096K)
 Metaspace       used 36948K, committed 37504K, reserved 1114112K
  class space    used 3972K, committed 4224K, reserved 1048576K
}
Event: 9.705 GC heap before
{Heap before GC invocations=35 (full 12):
 garbage-first heap   total 335872K, used 236328K [0x0000000704200000, 0x0000000800000000)
  region size 2048K, 98 young (200704K), 2 survivors (4096K)
 Metaspace       used 36953K, committed 37504K, reserved 1114112K
  class space    used 3972K, committed 4224K, reserved 1048576K
}
Event: 9.707 GC heap after
{Heap after GC invocations=36 (full 12):
 garbage-first heap   total 335872K, used 39374K [0x0000000704200000, 0x0000000800000000)
  region size 2048K, 1 young (2048K), 1 survivors (2048K)
 Metaspace       used 36953K, committed 37504K, reserved 1114112K
  class space    used 3972K, committed 4224K, reserved 1048576K
}
Event: 10.108 GC heap before
{Heap before GC invocations=36 (full 12):
 garbage-first heap   total 335872K, used 238030K [0x0000000704200000, 0x0000000800000000)
  region size 2048K, 98 young (200704K), 1 survivors (2048K)
 Metaspace       used 36957K, committed 37504K, reserved 1114112K
  class space    used 3972K, committed 4224K, reserved 1048576K
}
Event: 10.109 GC heap after
{Heap after GC invocations=37 (full 12):
 garbage-first heap   total 335872K, used 38929K [0x0000000704200000, 0x0000000800000000)
  region size 2048K, 1 young (2048K), 1 survivors (2048K)
 Metaspace       used 36957K, committed 37504K, reserved 1114112K
  class space    used 3972K, committed 4224K, reserved 1048576K
}
Event: 10.664 GC heap before
{Heap before GC invocations=37 (full 12):
 garbage-first heap   total 335872K, used 237585K [0x0000000704200000, 0x0000000800000000)
  region size 2048K, 98 young (200704K), 1 survivors (2048K)
 Metaspace       used 39147K, committed 39680K, reserved 1114112K
  class space    used 4297K, committed 4544K, reserved 1048576K
}
Event: 10.674 GC heap after
{Heap after GC invocations=38 (full 12):
 garbage-first heap   total 335872K, used 60809K [0x0000000704200000, 0x0000000800000000)
  region size 2048K, 11 young (22528K), 11 survivors (22528K)
 Metaspace       used 39147K, committed 39680K, reserved 1114112K
  class space    used 4297K, committed 4544K, reserved 1048576K
}
Event: 11.032 GC heap before
{Heap before GC invocations=38 (full 12):
 garbage-first heap   total 335872K, used 236937K [0x0000000704200000, 0x0000000800000000)
  region size 2048K, 98 young (200704K), 11 survivors (22528K)
 Metaspace       used 39155K, committed 39744K, reserved 1114112K
  class space    used 4298K, committed 4544K, reserved 1048576K
}
Event: 11.053 GC heap after
{Heap after GC invocations=39 (full 12):
 garbage-first heap   total 335872K, used 88677K [0x0000000704200000, 0x0000000800000000)
  region size 2048K, 13 young (26624K), 13 survivors (26624K)
 Metaspace       used 39155K, committed 39744K, reserved 1114112K
  class space    used 4298K, committed 4544K, reserved 1048576K
}
Event: 11.475 GC heap before
{Heap before GC invocations=39 (full 12):
 garbage-first heap   total 335872K, used 262757K [0x0000000704200000, 0x0000000800000000)
  region size 2048K, 98 young (200704K), 13 survivors (26624K)
 Metaspace       used 39336K, committed 39936K, reserved 1114112K
  class space    used 4325K, committed 4608K, reserved 1048576K
}
Event: 11.493 GC heap after
{Heap after GC invocations=40 (full 12):
 garbage-first heap   total 335872K, used 105220K [0x0000000704200000, 0x0000000800000000)
  region size 2048K, 7 young (14336K), 7 survivors (14336K)
 Metaspace       used 39336K, committed 39936K, reserved 1114112K
  class space    used 4325K, committed 4608K, reserved 1048576K
}
Event: 13.507 GC heap before
{Heap before GC invocations=40 (full 12):
 garbage-first heap   total 335872K, used 283396K [0x0000000704200000, 0x0000000800000000)
  region size 2048K, 94 young (192512K), 7 survivors (14336K)
 Metaspace       used 55429K, committed 56192K, reserved 1114112K
  class space    used 6248K, committed 6592K, reserved 1048576K
}
Event: 13.519 GC heap after
{Heap after GC invocations=41 (full 12):
 garbage-first heap   total 335872K, used 113089K [0x0000000704200000, 0x0000000800000000)
  region size 2048K, 11 young (22528K), 11 survivors (22528K)
 Metaspace       used 55429K, committed 56192K, reserved 1114112K
  class space    used 6248K, committed 6592K, reserved 1048576K
}
Event: 14.228 GC heap before
{Heap before GC invocations=41 (full 12):
 garbage-first heap   total 335872K, used 145857K [0x0000000704200000, 0x0000000800000000)
  region size 2048K, 28 young (57344K), 11 survivors (22528K)
 Metaspace       used 60647K, committed 61376K, reserved 1114112K
  class space    used 6695K, committed 7040K, reserved 1048576K
}
Event: 14.237 GC heap after
{Heap after GC invocations=42 (full 12):
 garbage-first heap   total 335872K, used 115786K [0x0000000704200000, 0x0000000800000000)
  region size 2048K, 6 young (12288K), 6 survivors (12288K)
 Metaspace       used 60647K, committed 61376K, reserved 1114112K
  class space    used 6695K, committed 7040K, reserved 1048576K
}

