# JRE version: Java(TM) SE Runtime Environment (21.0.6+8) (build 21.0.6+8-LTS-188)
# Java VM: Java HotSpot(TM) 64-Bit Server VM (21.0.6+8-LTS-188, mixed mode, sharing, tiered, compressed oops, compressed class ptrs, g1 gc, windows-amd64)
GC Precious Log:
 CardTable entry size: 512
 Card Set container configuration: InlinePtr #cards 4 size 8 Array Of Cards #cards 16 size 48 Howl #buckets 8 coarsen threshold 3686 Howl Bitmap #cards 512 size 80 coarsen threshold 460 Card regions per heap region 1 cards per card region 4096
 CPUs: 8 total, 8 available
 Memory: 16118M
 Large Page Support: Disabled
 NUMA Support: Disabled
 Compressed Oops: Enabled (Zero based)
 Heap Region Size: 2M
 Heap Min Capacity: 8M
 Heap Initial Capacity: 252M
 Heap Max Capacity: 4030M
 Pre-touch: Disabled
 Parallel Workers: 8
 Concurrent Workers: 2
 Concurrent Refinement Workers: 8
 Periodic GC: Disabled
Heap:
 garbage-first heap   total 356352K, used 135142K [0x0000000704200000, 0x0000000800000000)
  region size 2048K, 20 young (40960K), 6 survivors (12288K)
 Metaspace       used 65028K, committed 65856K, reserved 1114112K
  class space    used 7042K, committed 7424K, reserved 1048576K
GC Heap History (20 events):
Event: 9.037 GC heap before
{Heap before GC invocations=38 (full 12):
 garbage-first heap   total 276480K, used 202765K [0x0000000704200000, 0x0000000800000000)
  region size 2048K, 81 young (165888K), 1 survivors (2048K)
 Metaspace       used 36763K, committed 37312K, reserved 1114112K
  class space    used 3946K, committed 4224K, reserved 1048576K
}
Event: 9.038 GC heap after
{Heap after GC invocations=39 (full 12):
 garbage-first heap   total 276480K, used 38930K [0x0000000704200000, 0x0000000800000000)
  region size 2048K, 1 young (2048K), 1 survivors (2048K)
 Metaspace       used 36763K, committed 37312K, reserved 1114112K
  class space    used 3946K, committed 4224K, reserved 1048576K
}
Event: 9.522 GC heap before
{Heap before GC invocations=39 (full 12):
 garbage-first heap   total 276480K, used 202770K [0x0000000704200000, 0x0000000800000000)
  region size 2048K, 81 young (165888K), 1 survivors (2048K)
 Metaspace       used 36763K, committed 37312K, reserved 1114112K
  class space    used 3946K, committed 4224K, reserved 1048576K
}
Event: 9.523 GC heap after
{Heap after GC invocations=40 (full 12):
 garbage-first heap   total 276480K, used 38771K [0x0000000704200000, 0x0000000800000000)
  region size 2048K, 1 young (2048K), 1 survivors (2048K)
 Metaspace       used 36763K, committed 37312K, reserved 1114112K
  class space    used 3946K, committed 4224K, reserved 1048576K
}
Event: 9.853 GC heap before
{Heap before GC invocations=40 (full 12):
 garbage-first heap   total 276480K, used 202611K [0x0000000704200000, 0x0000000800000000)
  region size 2048K, 81 young (165888K), 1 survivors (2048K)
 Metaspace       used 36763K, committed 37312K, reserved 1114112K
  class space    used 3946K, committed 4224K, reserved 1048576K
}
Event: 9.854 GC heap after
{Heap after GC invocations=41 (full 12):
 garbage-first heap   total 276480K, used 38735K [0x0000000704200000, 0x0000000800000000)
  region size 2048K, 1 young (2048K), 1 survivors (2048K)
 Metaspace       used 36763K, committed 37312K, reserved 1114112K
  class space    used 3946K, committed 4224K, reserved 1048576K
}
Event: 10.161 GC heap before
{Heap before GC invocations=41 (full 12):
 garbage-first heap   total 276480K, used 202575K [0x0000000704200000, 0x0000000800000000)
  region size 2048K, 81 young (165888K), 1 survivors (2048K)
 Metaspace       used 36769K, committed 37312K, reserved 1114112K
  class space    used 3946K, committed 4224K, reserved 1048576K
}
Event: 10.162 GC heap after
{Heap after GC invocations=42 (full 12):
 garbage-first heap   total 276480K, used 39100K [0x0000000704200000, 0x0000000800000000)
  region size 2048K, 1 young (2048K), 1 survivors (2048K)
 Metaspace       used 36769K, committed 37312K, reserved 1114112K
  class space    used 3946K, committed 4224K, reserved 1048576K
}
Event: 10.521 GC heap before
{Heap before GC invocations=42 (full 12):
 garbage-first heap   total 276480K, used 202940K [0x0000000704200000, 0x0000000800000000)
  region size 2048K, 81 young (165888K), 1 survivors (2048K)
 Metaspace       used 36769K, committed 37312K, reserved 1114112K
  class space    used 3946K, committed 4224K, reserved 1048576K
}
Event: 10.522 GC heap after
{Heap after GC invocations=43 (full 12):
 garbage-first heap   total 276480K, used 38834K [0x0000000704200000, 0x0000000800000000)
  region size 2048K, 1 young (2048K), 1 survivors (2048K)
 Metaspace       used 36769K, committed 37312K, reserved 1114112K
  class space    used 3946K, committed 4224K, reserved 1048576K
}
Event: 11.105 GC heap before
{Heap before GC invocations=43 (full 12):
 garbage-first heap   total 276480K, used 202674K [0x0000000704200000, 0x0000000800000000)
  region size 2048K, 81 young (165888K), 1 survivors (2048K)
 Metaspace       used 38949K, committed 39488K, reserved 1114112K
  class space    used 4271K, committed 4544K, reserved 1048576K
}
Event: 11.113 GC heap after
{Heap after GC invocations=44 (full 12):
 garbage-first heap   total 276480K, used 52819K [0x0000000704200000, 0x0000000800000000)
  region size 2048K, 7 young (14336K), 7 survivors (14336K)
 Metaspace       used 38949K, committed 39488K, reserved 1114112K
  class space    used 4271K, committed 4544K, reserved 1048576K
}
Event: 11.499 GC heap before
{Heap before GC invocations=44 (full 12):
 garbage-first heap   total 276480K, used 202323K [0x0000000704200000, 0x0000000800000000)
  region size 2048K, 81 young (165888K), 7 survivors (14336K)
 Metaspace       used 38960K, committed 39488K, reserved 1114112K
  class space    used 4271K, committed 4544K, reserved 1048576K
}
Event: 11.519 GC heap after
{Heap after GC invocations=45 (full 12):
 garbage-first heap   total 276480K, used 77618K [0x0000000704200000, 0x0000000800000000)
  region size 2048K, 11 young (22528K), 11 survivors (22528K)
 Metaspace       used 38960K, committed 39488K, reserved 1114112K
  class space    used 4271K, committed 4544K, reserved 1048576K
}
Event: 11.845 GC heap before
{Heap before GC invocations=45 (full 12):
 garbage-first heap   total 276480K, used 220978K [0x0000000704200000, 0x0000000800000000)
  region size 2048K, 81 young (165888K), 11 survivors (22528K)
 Metaspace       used 39142K, committed 39744K, reserved 1114112K
  class space    used 4298K, committed 4608K, reserved 1048576K
}
Event: 11.864 GC heap after
{Heap after GC invocations=46 (full 12):
 garbage-first heap   total 276480K, used 99614K [0x0000000704200000, 0x0000000800000000)
  region size 2048K, 11 young (22528K), 11 survivors (22528K)
 Metaspace       used 39142K, committed 39744K, reserved 1114112K
  class space    used 4298K, committed 4608K, reserved 1048576K
}
Event: 13.414 GC heap before
{Heap before GC invocations=46 (full 12):
 garbage-first heap   total 276480K, used 232734K [0x0000000704200000, 0x0000000800000000)
  region size 2048K, 76 young (155648K), 11 survivors (22528K)
 Metaspace       used 52220K, committed 52928K, reserved 1114112K
  class space    used 5852K, committed 6208K, reserved 1048576K
}
Event: 13.433 GC heap after
{Heap after GC invocations=47 (full 12):
 garbage-first heap   total 276480K, used 107308K [0x0000000704200000, 0x0000000800000000)
  region size 2048K, 4 young (8192K), 4 survivors (8192K)
 Metaspace       used 52220K, committed 52928K, reserved 1114112K
  class space    used 5852K, committed 6208K, reserved 1048576K
}
Event: 14.508 GC heap before
{Heap before GC invocations=47 (full 12):
 garbage-first heap   total 276480K, used 219948K [0x0000000704200000, 0x0000000800000000)
  region size 2048K, 61 young (124928K), 4 survivors (8192K)
 Metaspace       used 61145K, committed 61760K, reserved 1114112K
  class space    used 6753K, committed 7040K, reserved 1048576K
}
Event: 14.514 GC heap after
{Heap after GC invocations=48 (full 12):
 garbage-first heap   total 356352K, used 110010K [0x0000000704200000, 0x0000000800000000)
  region size 2048K, 6 young (12288K), 6 survivors (12288K)
 Metaspace       used 61145K, committed 61760K, reserved 1114112K
  class space    used 6753K, committed 7040K, reserved 1048576K
}

