# JRE version: Java(TM) SE Runtime Environment (21.0.6+8) (build 21.0.6+8-LTS-188)
# Java VM: Java HotSpot(TM) 64-Bit Server VM (21.0.6+8-LTS-188, mixed mode, sharing, tiered, compressed oops, compressed class ptrs, g1 gc, windows-amd64)
GC Precious Log:
 CardTable entry size: 512
 Card Set container configuration: InlinePtr #cards 4 size 8 Array Of Cards #cards 16 size 48 Howl #buckets 8 coarsen threshold 3686 Howl Bitmap #cards 512 size 80 coarsen threshold 460 Card regions per heap region 1 cards per card region 4096
 CPUs: 8 total, 8 available
 Memory: 16118M
 Large Page Support: Disabled
 NUMA Support: Disabled
 Compressed Oops: Enabled (Zero based)
 Heap Region Size: 2M
 Heap Min Capacity: 8M
 Heap Initial Capacity: 252M
 Heap Max Capacity: 4030M
 Pre-touch: Disabled
 Parallel Workers: 8
 Concurrent Workers: 2
 Concurrent Refinement Workers: 8
 Periodic GC: Disabled
Heap:
 garbage-first heap   total 86016K, used 38604K [0x0000000704200000, 0x0000000800000000)
  region size 2048K, 1 young (2048K), 1 survivors (2048K)
 Metaspace       used 36692K, committed 37248K, reserved 1114112K
  class space    used 3940K, committed 4224K, reserved 1048576K
GC Heap History (20 events):
Event: 4.656 GC heap after
{Heap after GC invocations=13 (full 8):
 garbage-first heap   total 61440K, used 18437K [0x0000000704200000, 0x0000000800000000)
  region size 2048K, 0 young (0K), 0 survivors (0K)
 Metaspace       used 36015K, committed 36544K, reserved 1114112K
  class space    used 3898K, committed 4160K, reserved 1048576K
}
Event: 4.657 GC heap before
{Heap before GC invocations=13 (full 8):
 garbage-first heap   total 61440K, used 18437K [0x0000000704200000, 0x0000000800000000)
  region size 2048K, 1 young (2048K), 0 survivors (0K)
 Metaspace       used 36015K, committed 36544K, reserved 1114112K
  class space    used 3898K, committed 4160K, reserved 1048576K
}
Event: 4.688 GC heap after
{Heap after GC invocations=14 (full 9):
 garbage-first heap   total 61440K, used 18437K [0x0000000704200000, 0x0000000800000000)
  region size 2048K, 0 young (0K), 0 survivors (0K)
 Metaspace       used 36015K, committed 36544K, reserved 1114112K
  class space    used 3898K, committed 4160K, reserved 1048576K
}
Event: 4.688 GC heap before
{Heap before GC invocations=14 (full 9):
 garbage-first heap   total 61440K, used 18437K [0x0000000704200000, 0x0000000800000000)
  region size 2048K, 1 young (2048K), 0 survivors (0K)
 Metaspace       used 36015K, committed 36544K, reserved 1114112K
  class space    used 3898K, committed 4160K, reserved 1048576K
}
Event: 4.710 GC heap after
{Heap after GC invocations=15 (full 10):
 garbage-first heap   total 61440K, used 18437K [0x0000000704200000, 0x0000000800000000)
  region size 2048K, 0 young (0K), 0 survivors (0K)
 Metaspace       used 36015K, committed 36544K, reserved 1114112K
  class space    used 3898K, committed 4160K, reserved 1048576K
}
Event: 4.711 GC heap before
{Heap before GC invocations=15 (full 10):
 garbage-first heap   total 61440K, used 18437K [0x0000000704200000, 0x0000000800000000)
  region size 2048K, 1 young (2048K), 0 survivors (0K)
 Metaspace       used 36015K, committed 36544K, reserved 1114112K
  class space    used 3898K, committed 4160K, reserved 1048576K
}
Event: 4.732 GC heap after
{Heap after GC invocations=16 (full 11):
 garbage-first heap   total 61440K, used 18437K [0x0000000704200000, 0x0000000800000000)
  region size 2048K, 0 young (0K), 0 survivors (0K)
 Metaspace       used 36015K, committed 36544K, reserved 1114112K
  class space    used 3898K, committed 4160K, reserved 1048576K
}
Event: 4.733 GC heap before
{Heap before GC invocations=16 (full 11):
 garbage-first heap   total 61440K, used 18437K [0x0000000704200000, 0x0000000800000000)
  region size 2048K, 1 young (2048K), 0 survivors (0K)
 Metaspace       used 36015K, committed 36544K, reserved 1114112K
  class space    used 3898K, committed 4160K, reserved 1048576K
}
Event: 4.756 GC heap after
{Heap after GC invocations=17 (full 12):
 garbage-first heap   total 61440K, used 18437K [0x0000000704200000, 0x0000000800000000)
  region size 2048K, 0 young (0K), 0 survivors (0K)
 Metaspace       used 36015K, committed 36544K, reserved 1114112K
  class space    used 3898K, committed 4160K, reserved 1048576K
}
Event: 5.034 GC heap before
{Heap before GC invocations=17 (full 12):
 garbage-first heap   total 61440K, used 40965K [0x0000000704200000, 0x0000000800000000)
  region size 2048K, 12 young (24576K), 0 survivors (0K)
 Metaspace       used 36482K, committed 36992K, reserved 1114112K
  class space    used 3925K, committed 4160K, reserved 1048576K
}
Event: 5.036 GC heap after
{Heap after GC invocations=18 (full 12):
 garbage-first heap   total 61440K, used 26416K [0x0000000704200000, 0x0000000800000000)
  region size 2048K, 2 young (4096K), 2 survivors (4096K)
 Metaspace       used 36482K, committed 36992K, reserved 1114112K
  class space    used 3925K, committed 4160K, reserved 1048576K
}
Event: 5.079 GC heap before
{Heap before GC invocations=18 (full 12):
 garbage-first heap   total 61440K, used 44848K [0x0000000704200000, 0x0000000800000000)
  region size 2048K, 11 young (22528K), 2 survivors (4096K)
 Metaspace       used 36503K, committed 37056K, reserved 1114112K
  class space    used 3927K, committed 4224K, reserved 1048576K
}
Event: 5.082 GC heap after
{Heap after GC invocations=19 (full 12):
 garbage-first heap   total 61440K, used 29542K [0x0000000704200000, 0x0000000800000000)
  region size 2048K, 2 young (4096K), 2 survivors (4096K)
 Metaspace       used 36503K, committed 37056K, reserved 1114112K
  class space    used 3927K, committed 4224K, reserved 1048576K
}
Event: 5.115 GC heap before
{Heap before GC invocations=19 (full 12):
 garbage-first heap   total 61440K, used 43878K [0x0000000704200000, 0x0000000800000000)
  region size 2048K, 9 young (18432K), 2 survivors (4096K)
 Metaspace       used 36504K, committed 37056K, reserved 1114112K
  class space    used 3927K, committed 4224K, reserved 1048576K
}
Event: 5.119 GC heap after
{Heap after GC invocations=20 (full 12):
 garbage-first heap   total 61440K, used 32578K [0x0000000704200000, 0x0000000800000000)
  region size 2048K, 2 young (4096K), 2 survivors (4096K)
 Metaspace       used 36504K, committed 37056K, reserved 1114112K
  class space    used 3927K, committed 4224K, reserved 1048576K
}
Event: 5.150 GC heap before
{Heap before GC invocations=20 (full 12):
 garbage-first heap   total 86016K, used 44866K [0x0000000704200000, 0x0000000800000000)
  region size 2048K, 8 young (16384K), 2 survivors (4096K)
 Metaspace       used 36504K, committed 37056K, reserved 1114112K
  class space    used 3927K, committed 4224K, reserved 1048576K
}
Event: 5.153 GC heap after
{Heap after GC invocations=21 (full 12):
 garbage-first heap   total 86016K, used 35117K [0x0000000704200000, 0x0000000800000000)
  region size 2048K, 1 young (2048K), 1 survivors (2048K)
 Metaspace       used 36504K, committed 37056K, reserved 1114112K
  class space    used 3927K, committed 4224K, reserved 1048576K
}
Event: 5.298 GC heap before
{Heap before GC invocations=22 (full 12):
 garbage-first heap   total 86016K, used 61741K [0x0000000704200000, 0x0000000800000000)
  region size 2048K, 14 young (28672K), 1 survivors (2048K)
 Metaspace       used 36663K, committed 37248K, reserved 1114112K
  class space    used 3939K, committed 4224K, reserved 1048576K
}
Event: 5.311 GC heap after
{Heap after GC invocations=23 (full 12):
 garbage-first heap   total 86016K, used 37967K [0x0000000704200000, 0x0000000800000000)
  region size 2048K, 2 young (4096K), 2 survivors (4096K)
 Metaspace       used 36663K, committed 37248K, reserved 1114112K
  class space    used 3939K, committed 4224K, reserved 1048576K
}
Event: 5.449 GC heap before
{Heap before GC invocations=23 (full 12):
 garbage-first heap   total 86016K, used 62543K [0x0000000704200000, 0x0000000800000000)
  region size 2048K, 15 young (30720K), 2 survivors (4096K)
 Metaspace       used 36692K, committed 37248K, reserved 1114112K
  class space    used 3940K, committed 4224K, reserved 1048576K
}

