# JRE version: Java(TM) SE Runtime Environment (21.0.6+8) (build 21.0.6+8-LTS-188)
# Java VM: Java HotSpot(TM) 64-Bit Server VM (21.0.6+8-LTS-188, mixed mode, sharing, tiered, compressed oops, compressed class ptrs, g1 gc, windows-amd64)
GC Precious Log:
 CardTable entry size: 512
 Card Set container configuration: InlinePtr #cards 4 size 8 Array Of Cards #cards 16 size 48 Howl #buckets 8 coarsen threshold 3686 Howl Bitmap #cards 512 size 80 coarsen threshold 460 Card regions per heap region 1 cards per card region 4096
 CPUs: 8 total, 8 available
 Memory: 16118M
 Large Page Support: Disabled
 NUMA Support: Disabled
 Compressed Oops: Enabled (Zero based)
 Heap Region Size: 2M
 Heap Min Capacity: 8M
 Heap Initial Capacity: 252M
 Heap Max Capacity: 4030M
 Pre-touch: Disabled
 Parallel Workers: 8
 Concurrent Workers: 2
 Concurrent Refinement Workers: 8
 Periodic GC: Disabled
Heap:
 garbage-first heap   total 69632K, used 38629K [0x0000000704200000, 0x0000000800000000)
  region size 2048K, 1 young (2048K), 1 survivors (2048K)
 Metaspace       used 36720K, committed 37184K, reserved 1114112K
  class space    used 3949K, committed 4160K, reserved 1048576K
GC Heap History (20 events):
Event: 3.977 GC heap after
{Heap after GC invocations=11 (full 6):
 garbage-first heap   total 69632K, used 18241K [0x0000000704200000, 0x0000000800000000)
  region size 2048K, 0 young (0K), 0 survivors (0K)
 Metaspace       used 36066K, committed 36608K, reserved 1114112K
  class space    used 3909K, committed 4160K, reserved 1048576K
}
Event: 3.982 GC heap before
{Heap before GC invocations=11 (full 6):
 garbage-first heap   total 69632K, used 18241K [0x0000000704200000, 0x0000000800000000)
  region size 2048K, 1 young (2048K), 0 survivors (0K)
 Metaspace       used 36068K, committed 36608K, reserved 1114112K
  class space    used 3909K, committed 4160K, reserved 1048576K
}
Event: 4.001 GC heap after
{Heap after GC invocations=12 (full 7):
 garbage-first heap   total 69632K, used 18242K [0x0000000704200000, 0x0000000800000000)
  region size 2048K, 0 young (0K), 0 survivors (0K)
 Metaspace       used 36068K, committed 36608K, reserved 1114112K
  class space    used 3909K, committed 4160K, reserved 1048576K
}
Event: 4.001 GC heap before
{Heap before GC invocations=12 (full 7):
 garbage-first heap   total 69632K, used 18242K [0x0000000704200000, 0x0000000800000000)
  region size 2048K, 1 young (2048K), 0 survivors (0K)
 Metaspace       used 36068K, committed 36608K, reserved 1114112K
  class space    used 3909K, committed 4160K, reserved 1048576K
}
Event: 4.026 GC heap after
{Heap after GC invocations=13 (full 8):
 garbage-first heap   total 69632K, used 18242K [0x0000000704200000, 0x0000000800000000)
  region size 2048K, 0 young (0K), 0 survivors (0K)
 Metaspace       used 36068K, committed 36608K, reserved 1114112K
  class space    used 3909K, committed 4160K, reserved 1048576K
}
Event: 4.026 GC heap before
{Heap before GC invocations=13 (full 8):
 garbage-first heap   total 69632K, used 18242K [0x0000000704200000, 0x0000000800000000)
  region size 2048K, 1 young (2048K), 0 survivors (0K)
 Metaspace       used 36068K, committed 36608K, reserved 1114112K
  class space    used 3909K, committed 4160K, reserved 1048576K
}
Event: 4.051 GC heap after
{Heap after GC invocations=14 (full 9):
 garbage-first heap   total 69632K, used 18242K [0x0000000704200000, 0x0000000800000000)
  region size 2048K, 0 young (0K), 0 survivors (0K)
 Metaspace       used 36068K, committed 36608K, reserved 1114112K
  class space    used 3909K, committed 4160K, reserved 1048576K
}
Event: 4.051 GC heap before
{Heap before GC invocations=14 (full 9):
 garbage-first heap   total 69632K, used 18242K [0x0000000704200000, 0x0000000800000000)
  region size 2048K, 1 young (2048K), 0 survivors (0K)
 Metaspace       used 36068K, committed 36608K, reserved 1114112K
  class space    used 3909K, committed 4160K, reserved 1048576K
}
Event: 4.082 GC heap after
{Heap after GC invocations=15 (full 10):
 garbage-first heap   total 69632K, used 18242K [0x0000000704200000, 0x0000000800000000)
  region size 2048K, 0 young (0K), 0 survivors (0K)
 Metaspace       used 36068K, committed 36608K, reserved 1114112K
  class space    used 3909K, committed 4160K, reserved 1048576K
}
Event: 4.083 GC heap before
{Heap before GC invocations=15 (full 10):
 garbage-first heap   total 69632K, used 18242K [0x0000000704200000, 0x0000000800000000)
  region size 2048K, 1 young (2048K), 0 survivors (0K)
 Metaspace       used 36068K, committed 36608K, reserved 1114112K
  class space    used 3909K, committed 4160K, reserved 1048576K
}
Event: 4.107 GC heap after
{Heap after GC invocations=16 (full 11):
 garbage-first heap   total 69632K, used 18242K [0x0000000704200000, 0x0000000800000000)
  region size 2048K, 0 young (0K), 0 survivors (0K)
 Metaspace       used 36068K, committed 36608K, reserved 1114112K
  class space    used 3909K, committed 4160K, reserved 1048576K
}
Event: 4.109 GC heap before
{Heap before GC invocations=16 (full 11):
 garbage-first heap   total 69632K, used 18242K [0x0000000704200000, 0x0000000800000000)
  region size 2048K, 1 young (2048K), 0 survivors (0K)
 Metaspace       used 36068K, committed 36608K, reserved 1114112K
  class space    used 3909K, committed 4160K, reserved 1048576K
}
Event: 4.133 GC heap after
{Heap after GC invocations=17 (full 12):
 garbage-first heap   total 69632K, used 18242K [0x0000000704200000, 0x0000000800000000)
  region size 2048K, 0 young (0K), 0 survivors (0K)
 Metaspace       used 36068K, committed 36608K, reserved 1114112K
  class space    used 3909K, committed 4160K, reserved 1048576K
}
Event: 4.479 GC heap before
{Heap before GC invocations=17 (full 12):
 garbage-first heap   total 69632K, used 46914K [0x0000000704200000, 0x0000000800000000)
  region size 2048K, 15 young (30720K), 0 survivors (0K)
 Metaspace       used 36548K, committed 37120K, reserved 1114112K
  class space    used 3936K, committed 4160K, reserved 1048576K
}
Event: 4.482 GC heap after
{Heap after GC invocations=18 (full 12):
 garbage-first heap   total 69632K, used 27249K [0x0000000704200000, 0x0000000800000000)
  region size 2048K, 2 young (4096K), 2 survivors (4096K)
 Metaspace       used 36548K, committed 37120K, reserved 1114112K
  class space    used 3936K, committed 4160K, reserved 1048576K
}
Event: 4.531 GC heap before
{Heap before GC invocations=18 (full 12):
 garbage-first heap   total 69632K, used 49777K [0x0000000704200000, 0x0000000800000000)
  region size 2048K, 13 young (26624K), 2 survivors (4096K)
 Metaspace       used 36564K, committed 37120K, reserved 1114112K
  class space    used 3938K, committed 4160K, reserved 1048576K
}
Event: 4.534 GC heap after
{Heap after GC invocations=19 (full 12):
 garbage-first heap   total 69632K, used 31595K [0x0000000704200000, 0x0000000800000000)
  region size 2048K, 2 young (4096K), 2 survivors (4096K)
 Metaspace       used 36564K, committed 37120K, reserved 1114112K
  class space    used 3938K, committed 4160K, reserved 1048576K
}
Event: 4.570 GC heap before
{Heap before GC invocations=19 (full 12):
 garbage-first heap   total 69632K, used 52075K [0x0000000704200000, 0x0000000800000000)
  region size 2048K, 12 young (24576K), 2 survivors (4096K)
 Metaspace       used 36564K, committed 37120K, reserved 1114112K
  class space    used 3938K, committed 4160K, reserved 1048576K
}
Event: 4.574 GC heap after
{Heap after GC invocations=20 (full 12):
 garbage-first heap   total 69632K, used 36071K [0x0000000704200000, 0x0000000800000000)
  region size 2048K, 2 young (4096K), 2 survivors (4096K)
 Metaspace       used 36564K, committed 37120K, reserved 1114112K
  class space    used 3938K, committed 4160K, reserved 1048576K
}
Event: 4.655 GC heap before
{Heap before GC invocations=20 (full 12):
 garbage-first heap   total 69632K, used 54503K [0x0000000704200000, 0x0000000800000000)
  region size 2048K, 11 young (22528K), 2 survivors (4096K)
 Metaspace       used 36720K, committed 37184K, reserved 1114112K
  class space    used 3949K, committed 4160K, reserved 1048576K
}

