# JRE version: Java(TM) SE Runtime Environment (21.0.6+8) (build 21.0.6+8-LTS-188)
# Java VM: Java HotSpot(TM) 64-Bit Server VM (21.0.6+8-LTS-188, mixed mode, sharing, tiered, compressed oops, compressed class ptrs, g1 gc, windows-amd64)
GC Precious Log:
 CardTable entry size: 512
 Card Set container configuration: InlinePtr #cards 4 size 8 Array Of Cards #cards 16 size 48 Howl #buckets 8 coarsen threshold 3686 Howl Bitmap #cards 512 size 80 coarsen threshold 460 Card regions per heap region 1 cards per card region 4096
 CPUs: 8 total, 8 available
 Memory: 16118M
 Large Page Support: Disabled
 NUMA Support: Disabled
 Compressed Oops: Enabled (Zero based)
 Heap Region Size: 2M
 Heap Min Capacity: 8M
 Heap Initial Capacity: 252M
 Heap Max Capacity: 4030M
 Pre-touch: Disabled
 Parallel Workers: 8
 Concurrent Workers: 2
 Concurrent Refinement Workers: 8
 Periodic GC: Disabled
Heap:
 garbage-first heap   total 237568K, used 57782K [0x0000000704200000, 0x0000000800000000)
  region size 2048K, 14 young (28672K), 2 survivors (4096K)
 Metaspace       used 36679K, committed 37248K, reserved 1114112K
  class space    used 3945K, committed 4224K, reserved 1048576K
GC Heap History (20 events):
Event: 5.119 GC heap before
{Heap before GC invocations=11 (full 6):
 garbage-first heap   total 61440K, used 18363K [0x0000000704200000, 0x0000000800000000)
  region size 2048K, 1 young (2048K), 0 survivors (0K)
 Metaspace       used 36008K, committed 36544K, reserved 1114112K
  class space    used 3904K, committed 4160K, reserved 1048576K
}
Event: 5.145 GC heap after
{Heap after GC invocations=12 (full 7):
 garbage-first heap   total 61440K, used 18364K [0x0000000704200000, 0x0000000800000000)
  region size 2048K, 0 young (0K), 0 survivors (0K)
 Metaspace       used 36008K, committed 36544K, reserved 1114112K
  class space    used 3904K, committed 4160K, reserved 1048576K
}
Event: 5.145 GC heap before
{Heap before GC invocations=12 (full 7):
 garbage-first heap   total 61440K, used 18364K [0x0000000704200000, 0x0000000800000000)
  region size 2048K, 1 young (2048K), 0 survivors (0K)
 Metaspace       used 36008K, committed 36544K, reserved 1114112K
  class space    used 3904K, committed 4160K, reserved 1048576K
}
Event: 5.174 GC heap after
{Heap after GC invocations=13 (full 8):
 garbage-first heap   total 61440K, used 18364K [0x0000000704200000, 0x0000000800000000)
  region size 2048K, 0 young (0K), 0 survivors (0K)
 Metaspace       used 36008K, committed 36544K, reserved 1114112K
  class space    used 3904K, committed 4160K, reserved 1048576K
}
Event: 5.175 GC heap before
{Heap before GC invocations=13 (full 8):
 garbage-first heap   total 61440K, used 18364K [0x0000000704200000, 0x0000000800000000)
  region size 2048K, 1 young (2048K), 0 survivors (0K)
 Metaspace       used 36008K, committed 36544K, reserved 1114112K
  class space    used 3904K, committed 4160K, reserved 1048576K
}
Event: 5.204 GC heap after
{Heap after GC invocations=14 (full 9):
 garbage-first heap   total 61440K, used 18364K [0x0000000704200000, 0x0000000800000000)
  region size 2048K, 0 young (0K), 0 survivors (0K)
 Metaspace       used 36008K, committed 36544K, reserved 1114112K
  class space    used 3904K, committed 4160K, reserved 1048576K
}
Event: 5.204 GC heap before
{Heap before GC invocations=14 (full 9):
 garbage-first heap   total 61440K, used 18364K [0x0000000704200000, 0x0000000800000000)
  region size 2048K, 1 young (2048K), 0 survivors (0K)
 Metaspace       used 36008K, committed 36544K, reserved 1114112K
  class space    used 3904K, committed 4160K, reserved 1048576K
}
Event: 5.233 GC heap after
{Heap after GC invocations=15 (full 10):
 garbage-first heap   total 61440K, used 18364K [0x0000000704200000, 0x0000000800000000)
  region size 2048K, 0 young (0K), 0 survivors (0K)
 Metaspace       used 36008K, committed 36544K, reserved 1114112K
  class space    used 3904K, committed 4160K, reserved 1048576K
}
Event: 5.233 GC heap before
{Heap before GC invocations=15 (full 10):
 garbage-first heap   total 61440K, used 18364K [0x0000000704200000, 0x0000000800000000)
  region size 2048K, 1 young (2048K), 0 survivors (0K)
 Metaspace       used 36008K, committed 36544K, reserved 1114112K
  class space    used 3904K, committed 4160K, reserved 1048576K
}
Event: 5.263 GC heap after
{Heap after GC invocations=16 (full 11):
 garbage-first heap   total 61440K, used 18364K [0x0000000704200000, 0x0000000800000000)
  region size 2048K, 0 young (0K), 0 survivors (0K)
 Metaspace       used 36008K, committed 36544K, reserved 1114112K
  class space    used 3904K, committed 4160K, reserved 1048576K
}
Event: 5.265 GC heap before
{Heap before GC invocations=16 (full 11):
 garbage-first heap   total 61440K, used 18364K [0x0000000704200000, 0x0000000800000000)
  region size 2048K, 1 young (2048K), 0 survivors (0K)
 Metaspace       used 36008K, committed 36544K, reserved 1114112K
  class space    used 3904K, committed 4160K, reserved 1048576K
}
Event: 5.296 GC heap after
{Heap after GC invocations=17 (full 12):
 garbage-first heap   total 61440K, used 18364K [0x0000000704200000, 0x0000000800000000)
  region size 2048K, 0 young (0K), 0 survivors (0K)
 Metaspace       used 36008K, committed 36544K, reserved 1114112K
  class space    used 3904K, committed 4160K, reserved 1048576K
}
Event: 5.655 GC heap before
{Heap before GC invocations=17 (full 12):
 garbage-first heap   total 61440K, used 42940K [0x0000000704200000, 0x0000000800000000)
  region size 2048K, 13 young (26624K), 0 survivors (0K)
 Metaspace       used 36496K, committed 36992K, reserved 1114112K
  class space    used 3931K, committed 4160K, reserved 1048576K
}
Event: 5.658 GC heap after
{Heap after GC invocations=18 (full 12):
 garbage-first heap   total 61440K, used 25941K [0x0000000704200000, 0x0000000800000000)
  region size 2048K, 2 young (4096K), 2 survivors (4096K)
 Metaspace       used 36496K, committed 36992K, reserved 1114112K
  class space    used 3931K, committed 4160K, reserved 1048576K
}
Event: 5.714 GC heap before
{Heap before GC invocations=18 (full 12):
 garbage-first heap   total 61440K, used 42325K [0x0000000704200000, 0x0000000800000000)
  region size 2048K, 11 young (22528K), 2 survivors (4096K)
 Metaspace       used 36516K, committed 37120K, reserved 1114112K
  class space    used 3933K, committed 4224K, reserved 1048576K
}
Event: 5.718 GC heap after
{Heap after GC invocations=19 (full 12):
 garbage-first heap   total 61440K, used 30551K [0x0000000704200000, 0x0000000800000000)
  region size 2048K, 2 young (4096K), 2 survivors (4096K)
 Metaspace       used 36516K, committed 37120K, reserved 1114112K
  class space    used 3933K, committed 4224K, reserved 1048576K
}
Event: 5.754 GC heap before
{Heap before GC invocations=19 (full 12):
 garbage-first heap   total 61440K, used 44887K [0x0000000704200000, 0x0000000800000000)
  region size 2048K, 10 young (20480K), 2 survivors (4096K)
 Metaspace       used 36516K, committed 37120K, reserved 1114112K
  class space    used 3933K, committed 4224K, reserved 1048576K
}
Event: 5.759 GC heap after
{Heap after GC invocations=20 (full 12):
 garbage-first heap   total 61440K, used 33683K [0x0000000704200000, 0x0000000800000000)
  region size 2048K, 2 young (4096K), 2 survivors (4096K)
 Metaspace       used 36516K, committed 37120K, reserved 1114112K
  class space    used 3933K, committed 4224K, reserved 1048576K
}
Event: 5.791 GC heap before
{Heap before GC invocations=20 (full 12):
 garbage-first heap   total 79872K, used 48019K [0x0000000704200000, 0x0000000800000000)
  region size 2048K, 9 young (18432K), 2 survivors (4096K)
 Metaspace       used 36516K, committed 37120K, reserved 1114112K
  class space    used 3933K, committed 4224K, reserved 1048576K
}
Event: 5.796 GC heap after
{Heap after GC invocations=21 (full 12):
 garbage-first heap   total 237568K, used 37302K [0x0000000704200000, 0x0000000800000000)
  region size 2048K, 2 young (4096K), 2 survivors (4096K)
 Metaspace       used 36516K, committed 37120K, reserved 1114112K
  class space    used 3933K, committed 4224K, reserved 1048576K
}

