# JRE version: Java(TM) SE Runtime Environment (21.0.6+8) (build 21.0.6+8-LTS-188)
# Java VM: Java HotSpot(TM) 64-Bit Server VM (21.0.6+8-LTS-188, mixed mode, sharing, tiered, compressed oops, compressed class ptrs, g1 gc, windows-amd64)
GC Precious Log:
 CardTable entry size: 512
 Card Set container configuration: InlinePtr #cards 4 size 8 Array Of Cards #cards 16 size 48 Howl #buckets 8 coarsen threshold 3686 Howl Bitmap #cards 512 size 80 coarsen threshold 460 Card regions per heap region 1 cards per card region 4096
 CPUs: 8 total, 8 available
 Memory: 16118M
 Large Page Support: Disabled
 NUMA Support: Disabled
 Compressed Oops: Enabled (Zero based)
 Heap Region Size: 2M
 Heap Min Capacity: 8M
 Heap Initial Capacity: 252M
 Heap Max Capacity: 4030M
 Pre-touch: Disabled
 Parallel Workers: 8
 Concurrent Workers: 2
 Concurrent Refinement Workers: 8
 Periodic GC: Disabled
Heap:
 garbage-first heap   total 81920K, used 47547K [0x0000000704200000, 0x0000000800000000)
  region size 2048K, 14 young (28672K), 3 survivors (6144K)
 Metaspace       used 33728K, committed 34176K, reserved 1114112K
  class space    used 3774K, committed 3968K, reserved 1048576K
GC Heap History (18 events):
Event: 4.574 GC heap before
{Heap before GC invocations=0 (full 0):
 garbage-first heap   total 258048K, used 22528K [0x0000000704200000, 0x0000000800000000)
  region size 2048K, 11 young (22528K), 0 survivors (0K)
 Metaspace       used 5637K, committed 5824K, reserved 1114112K
  class space    used 651K, committed 768K, reserved 1048576K
}
Event: 4.578 GC heap after
{Heap after GC invocations=1 (full 0):
 garbage-first heap   total 258048K, used 4067K [0x0000000704200000, 0x0000000800000000)
  region size 2048K, 2 young (4096K), 2 survivors (4096K)
 Metaspace       used 5637K, committed 5824K, reserved 1114112K
  class space    used 651K, committed 768K, reserved 1048576K
}
Event: 5.030 GC heap before
{Heap before GC invocations=1 (full 0):
 garbage-first heap   total 258048K, used 36835K [0x0000000704200000, 0x0000000800000000)
  region size 2048K, 18 young (36864K), 2 survivors (4096K)
 Metaspace       used 10281K, committed 10432K, reserved 1114112K
  class space    used 1216K, committed 1280K, reserved 1048576K
}
Event: 5.033 GC heap after
{Heap after GC invocations=2 (full 0):
 garbage-first heap   total 258048K, used 5654K [0x0000000704200000, 0x0000000800000000)
  region size 2048K, 1 young (2048K), 1 survivors (2048K)
 Metaspace       used 10281K, committed 10432K, reserved 1114112K
  class space    used 1216K, committed 1280K, reserved 1048576K
}
Event: 11.739 GC heap before
{Heap before GC invocations=2 (full 0):
 garbage-first heap   total 258048K, used 95766K [0x0000000704200000, 0x0000000800000000)
  region size 2048K, 47 young (96256K), 1 survivors (2048K)
 Metaspace       used 21254K, committed 21504K, reserved 1114112K
  class space    used 2466K, committed 2560K, reserved 1048576K
}
Event: 11.746 GC heap after
{Heap after GC invocations=3 (full 0):
 garbage-first heap   total 258048K, used 12649K [0x0000000704200000, 0x0000000800000000)
  region size 2048K, 5 young (10240K), 5 survivors (10240K)
 Metaspace       used 21254K, committed 21504K, reserved 1114112K
  class space    used 2466K, committed 2560K, reserved 1048576K
}
Event: 12.239 GC heap before
{Heap before GC invocations=4 (full 0):
 garbage-first heap   total 55296K, used 53609K [0x0000000704200000, 0x0000000800000000)
  region size 2048K, 25 young (51200K), 5 survivors (10240K)
 Metaspace       used 26229K, committed 26560K, reserved 1114112K
  class space    used 2969K, committed 3136K, reserved 1048576K
}
Event: 12.253 GC heap after
{Heap after GC invocations=5 (full 0):
 garbage-first heap   total 75776K, used 24082K [0x0000000704200000, 0x0000000800000000)
  region size 2048K, 10 young (20480K), 10 survivors (20480K)
 Metaspace       used 26229K, committed 26560K, reserved 1114112K
  class space    used 2969K, committed 3136K, reserved 1048576K
}
Event: 12.909 GC heap before
{Heap before GC invocations=5 (full 0):
 garbage-first heap   total 75776K, used 48658K [0x0000000704200000, 0x0000000800000000)
  region size 2048K, 22 young (45056K), 10 survivors (20480K)
 Metaspace       used 28069K, committed 28352K, reserved 1114112K
  class space    used 3143K, committed 3264K, reserved 1048576K
}
Event: 12.920 GC heap after
{Heap after GC invocations=6 (full 0):
 garbage-first heap   total 75776K, used 18830K [0x0000000704200000, 0x0000000800000000)
  region size 2048K, 2 young (4096K), 2 survivors (4096K)
 Metaspace       used 28069K, committed 28352K, reserved 1114112K
  class space    used 3143K, committed 3264K, reserved 1048576K
}
Event: 15.463 GC heap before
{Heap before GC invocations=6 (full 0):
 garbage-first heap   total 75776K, used 55694K [0x0000000704200000, 0x0000000800000000)
  region size 2048K, 20 young (40960K), 2 survivors (4096K)
 Metaspace       used 29379K, committed 29696K, reserved 1114112K
  class space    used 3234K, committed 3392K, reserved 1048576K
}
Event: 15.467 GC heap after
{Heap after GC invocations=7 (full 0):
 garbage-first heap   total 75776K, used 19171K [0x0000000704200000, 0x0000000800000000)
  region size 2048K, 2 young (4096K), 2 survivors (4096K)
 Metaspace       used 29379K, committed 29696K, reserved 1114112K
  class space    used 3234K, committed 3392K, reserved 1048576K
}
Event: 16.759 GC heap before
{Heap before GC invocations=7 (full 0):
 garbage-first heap   total 75776K, used 62179K [0x0000000704200000, 0x0000000800000000)
  region size 2048K, 15 young (30720K), 2 survivors (4096K)
 Metaspace       used 31172K, committed 31552K, reserved 1114112K
  class space    used 3464K, committed 3648K, reserved 1048576K
}
Event: 16.762 GC heap after
{Heap after GC invocations=8 (full 0):
 garbage-first heap   total 75776K, used 38715K [0x0000000704200000, 0x0000000800000000)
  region size 2048K, 3 young (6144K), 3 survivors (6144K)
 Metaspace       used 31172K, committed 31552K, reserved 1114112K
  class space    used 3464K, committed 3648K, reserved 1048576K
}
Event: 17.380 GC heap before
{Heap before GC invocations=9 (full 0):
 garbage-first heap   total 81920K, used 67387K [0x0000000704200000, 0x0000000800000000)
  region size 2048K, 14 young (28672K), 3 survivors (6144K)
 Metaspace       used 31484K, committed 31872K, reserved 1114112K
  class space    used 3487K, committed 3648K, reserved 1048576K
}
Event: 17.384 GC heap after
{Heap after GC invocations=10 (full 0):
 garbage-first heap   total 81920K, used 24664K [0x0000000704200000, 0x0000000800000000)
  region size 2048K, 2 young (4096K), 2 survivors (4096K)
 Metaspace       used 31484K, committed 31872K, reserved 1114112K
  class space    used 3487K, committed 3648K, reserved 1048576K
}
Event: 19.269 GC heap before
{Heap before GC invocations=10 (full 0):
 garbage-first heap   total 81920K, used 63576K [0x0000000704200000, 0x0000000800000000)
  region size 2048K, 22 young (45056K), 2 survivors (4096K)
 Metaspace       used 31801K, committed 32256K, reserved 1114112K
  class space    used 3495K, committed 3712K, reserved 1048576K
}
Event: 19.273 GC heap after
{Heap after GC invocations=11 (full 0):
 garbage-first heap   total 81920K, used 27067K [0x0000000704200000, 0x0000000800000000)
  region size 2048K, 3 young (6144K), 3 survivors (6144K)
 Metaspace       used 31801K, committed 32256K, reserved 1114112K
  class space    used 3495K, committed 3712K, reserved 1048576K
}

